{"/home/travis/build/npmtest/node-npmtest-skrollr/test.js":{"path":"/home/travis/build/npmtest/node-npmtest-skrollr/test.js","s":{"1":2,"2":2,"3":2,"4":2,"5":2,"6":2,"7":2,"8":1,"9":2,"10":2,"11":1,"12":1,"13":1,"14":1,"15":2,"16":2,"17":2,"18":2,"19":1,"20":1,"21":2,"22":2,"23":2,"24":1,"25":1,"26":1,"27":1,"28":1,"29":1,"30":1,"31":1,"32":1,"33":1,"34":1,"35":1,"36":1,"37":1,"38":1,"39":2,"40":2,"41":1,"42":2,"43":2,"44":1,"45":2,"46":2,"47":1,"48":2,"49":2,"50":1,"51":1,"52":1,"53":1,"54":1},"b":{"1":[2,1,1,1],"2":[1,1,1,1],"3":[1,1],"4":[1,1],"5":[1,1],"6":[1,1],"7":[1,1],"8":[1,1],"9":[1,1],"10":[1,1,1],"11":[1,1],"12":[1,1],"13":[1,1],"14":[1,1],"15":[1,1],"16":[1,1],"17":[1,1]},"f":{"1":2,"2":2,"3":2,"4":2,"5":2,"6":1,"7":1,"8":1,"9":2,"10":2,"11":2,"12":2,"13":1},"fnMap":{"1":{"name":"(anonymous_1)","line":12,"loc":{"start":{"line":12,"column":1},"end":{"line":12,"column":13}}},"2":{"name":"(anonymous_2)","line":19,"loc":{"start":{"line":19,"column":5},"end":{"line":19,"column":17}}},"3":{"name":"(anonymous_3)","line":23,"loc":{"start":{"line":23,"column":24},"end":{"line":23,"column":36}}},"4":{"name":"(anonymous_4)","line":61,"loc":{"start":{"line":61,"column":5},"end":{"line":61,"column":17}}},"5":{"name":"(anonymous_5)","line":82,"loc":{"start":{"line":82,"column":5},"end":{"line":82,"column":17}}},"6":{"name":"(anonymous_6)","line":91,"loc":{"start":{"line":91,"column":77},"end":{"line":94,"column":10}}},"7":{"name":"(anonymous_7)","line":112,"loc":{"start":{"line":112,"column":83},"end":{"line":115,"column":10}},"skip":true},"8":{"name":"(anonymous_8)","line":123,"loc":{"start":{"line":123,"column":77},"end":{"line":126,"column":10}},"skip":true},"9":{"name":"(anonymous_9)","line":139,"loc":{"start":{"line":139,"column":12},"end":{"line":139,"column":40}},"skip":true},"10":{"name":"(anonymous_10)","line":147,"loc":{"start":{"line":147,"column":77},"end":{"line":150,"column":10}},"skip":true},"11":{"name":"(anonymous_11)","line":158,"loc":{"start":{"line":158,"column":83},"end":{"line":161,"column":10}},"skip":true},"12":{"name":"(anonymous_12)","line":169,"loc":{"start":{"line":169,"column":79},"end":{"line":172,"column":10}},"skip":true},"13":{"name":"(anonymous_13)","line":180,"loc":{"start":{"line":180,"column":75},"end":{"line":183,"column":10}},"skip":true}},"statementMap":{"1":{"start":{"line":12,"column":0},"end":{"line":195,"column":5}},"2":{"start":{"line":14,"column":4},"end":{"line":14,"column":14}},"3":{"start":{"line":19,"column":4},"end":{"line":56,"column":9}},"4":{"start":{"line":21,"column":8},"end":{"line":21,"column":19}},"5":{"start":{"line":23,"column":8},"end":{"line":35,"column":13}},"6":{"start":{"line":24,"column":12},"end":{"line":34,"column":13}},"7":{"start":{"line":25,"column":16},"end":{"line":28,"column":30}},"8":{"start":{"line":30,"column":16},"end":{"line":33,"column":27}},"9":{"start":{"line":37,"column":8},"end":{"line":39,"column":21}},"10":{"start":{"line":40,"column":8},"end":{"line":53,"column":9}},"11":{"start":{"line":43,"column":12},"end":{"line":46,"column":14}},"12":{"start":{"line":47,"column":12},"end":{"line":47,"column":18}},"13":{"start":{"line":50,"column":12},"end":{"line":51,"column":33}},"14":{"start":{"line":52,"column":12},"end":{"line":52,"column":18}},"15":{"start":{"line":55,"column":8},"end":{"line":55,"column":35}},"16":{"start":{"line":61,"column":4},"end":{"line":63,"column":9}},"17":{"start":{"line":62,"column":8},"end":{"line":62,"column":15}},"18":{"start":{"line":64,"column":4},"end":{"line":77,"column":5}},"19":{"start":{"line":70,"column":8},"end":{"line":70,"column":14}},"20":{"start":{"line":76,"column":8},"end":{"line":76,"column":14}},"21":{"start":{"line":82,"column":4},"end":{"line":84,"column":9}},"22":{"start":{"line":83,"column":8},"end":{"line":83,"column":15}},"23":{"start":{"line":85,"column":4},"end":{"line":194,"column":5}},"24":{"start":{"line":91,"column":8},"end":{"line":99,"column":10}},"25":{"start":{"line":98,"column":12},"end":{"line":98,"column":35}},"26":{"start":{"line":102,"column":8},"end":{"line":104,"column":63}},"27":{"start":{"line":105,"column":8},"end":{"line":105,"column":14}},"28":{"start":{"line":112,"column":8},"end":{"line":121,"column":10},"skip":true},"29":{"start":{"line":119,"column":12},"end":{"line":119,"column":55},"skip":true},"30":{"start":{"line":120,"column":12},"end":{"line":120,"column":48},"skip":true},"31":{"start":{"line":123,"column":8},"end":{"line":136,"column":10},"skip":true},"32":{"start":{"line":130,"column":12},"end":{"line":130,"column":76},"skip":true},"33":{"start":{"line":131,"column":12},"end":{"line":131,"column":73},"skip":true},"34":{"start":{"line":132,"column":12},"end":{"line":132,"column":74},"skip":true},"35":{"start":{"line":133,"column":12},"end":{"line":133,"column":79},"skip":true},"36":{"start":{"line":134,"column":12},"end":{"line":134,"column":25},"skip":true},"37":{"start":{"line":135,"column":12},"end":{"line":135,"column":45},"skip":true},"38":{"start":{"line":138,"column":8},"end":{"line":145,"column":14},"skip":true},"39":{"start":{"line":143,"column":16},"end":{"line":143,"column":29},"skip":true},"40":{"start":{"line":144,"column":16},"end":{"line":144,"column":55},"skip":true},"41":{"start":{"line":147,"column":8},"end":{"line":156,"column":10},"skip":true},"42":{"start":{"line":154,"column":12},"end":{"line":154,"column":25},"skip":true},"43":{"start":{"line":155,"column":12},"end":{"line":155,"column":45},"skip":true},"44":{"start":{"line":158,"column":8},"end":{"line":167,"column":10},"skip":true},"45":{"start":{"line":165,"column":12},"end":{"line":165,"column":25},"skip":true},"46":{"start":{"line":166,"column":12},"end":{"line":166,"column":48},"skip":true},"47":{"start":{"line":169,"column":8},"end":{"line":178,"column":10},"skip":true},"48":{"start":{"line":176,"column":12},"end":{"line":176,"column":25},"skip":true},"49":{"start":{"line":177,"column":12},"end":{"line":177,"column":46},"skip":true},"50":{"start":{"line":180,"column":8},"end":{"line":189,"column":10},"skip":true},"51":{"start":{"line":187,"column":12},"end":{"line":187,"column":94},"skip":true},"52":{"start":{"line":188,"column":12},"end":{"line":188,"column":48},"skip":true},"53":{"start":{"line":192,"column":8},"end":{"line":192,"column":35},"skip":true},"54":{"start":{"line":193,"column":8},"end":{"line":193,"column":14},"skip":true}},"branchMap":{"1":{"line":25,"type":"binary-expr","locations":[{"start":{"line":25,"column":23},"end":{"line":25,"column":62}},{"start":{"line":26,"column":20},"end":{"line":26,"column":70}},{"start":{"line":27,"column":20},"end":{"line":27,"column":71}},{"start":{"line":28,"column":20},"end":{"line":28,"column":29}}]},"2":{"line":30,"type":"binary-expr","locations":[{"start":{"line":30,"column":23},"end":{"line":30,"column":37}},{"start":{"line":31,"column":20},"end":{"line":31,"column":61}},{"start":{"line":32,"column":20},"end":{"line":32,"column":70}},{"start":{"line":33,"column":20},"end":{"line":33,"column":26}}]},"3":{"line":37,"type":"cond-expr","locations":[{"start":{"line":38,"column":14},"end":{"line":38,"column":20}},{"start":{"line":39,"column":14},"end":{"line":39,"column":20}}]},"4":{"line":40,"type":"switch","locations":[{"start":{"line":42,"column":8},"end":{"line":47,"column":18}},{"start":{"line":49,"column":8},"end":{"line":52,"column":18}}]},"5":{"line":44,"type":"binary-expr","locations":[{"start":{"line":44,"column":16},"end":{"line":44,"column":44}},{"start":{"line":44,"column":48},"end":{"line":44,"column":66}}]},"6":{"line":50,"type":"binary-expr","locations":[{"start":{"line":50,"column":21},"end":{"line":50,"column":49}},{"start":{"line":50,"column":53},"end":{"line":50,"column":72}}]},"7":{"line":64,"type":"switch","locations":[{"start":{"line":69,"column":4},"end":{"line":70,"column":14}},{"start":{"line":75,"column":4},"end":{"line":76,"column":14}}]},"8":{"line":85,"type":"switch","locations":[{"start":{"line":90,"column":4},"end":{"line":105,"column":14}},{"start":{"line":111,"column":4},"end":{"line":193,"column":14},"skip":true}]},"9":{"line":91,"type":"binary-expr","locations":[{"start":{"line":91,"column":42},"end":{"line":91,"column":73}},{"start":{"line":91,"column":77},"end":{"line":99,"column":9}}]},"10":{"line":102,"type":"binary-expr","locations":[{"start":{"line":102,"column":18},"end":{"line":102,"column":32}},{"start":{"line":103,"column":12},"end":{"line":103,"column":53}},{"start":{"line":104,"column":12},"end":{"line":104,"column":61}}]},"11":{"line":112,"type":"binary-expr","locations":[{"start":{"line":112,"column":45},"end":{"line":112,"column":79},"skip":true},{"start":{"line":112,"column":83},"end":{"line":121,"column":9},"skip":true}]},"12":{"line":123,"type":"binary-expr","locations":[{"start":{"line":123,"column":42},"end":{"line":123,"column":73},"skip":true},{"start":{"line":123,"column":77},"end":{"line":136,"column":9},"skip":true}]},"13":{"line":138,"type":"binary-expr","locations":[{"start":{"line":138,"column":48},"end":{"line":138,"column":85},"skip":true},{"start":{"line":139,"column":12},"end":{"line":145,"column":13},"skip":true}]},"14":{"line":147,"type":"binary-expr","locations":[{"start":{"line":147,"column":42},"end":{"line":147,"column":73},"skip":true},{"start":{"line":147,"column":77},"end":{"line":156,"column":9},"skip":true}]},"15":{"line":158,"type":"binary-expr","locations":[{"start":{"line":158,"column":45},"end":{"line":158,"column":79},"skip":true},{"start":{"line":158,"column":83},"end":{"line":167,"column":9},"skip":true}]},"16":{"line":169,"type":"binary-expr","locations":[{"start":{"line":169,"column":43},"end":{"line":169,"column":75},"skip":true},{"start":{"line":169,"column":79},"end":{"line":178,"column":9},"skip":true}]},"17":{"line":180,"type":"binary-expr","locations":[{"start":{"line":180,"column":41},"end":{"line":180,"column":71},"skip":true},{"start":{"line":180,"column":75},"end":{"line":189,"column":9},"skip":true}]}},"code":["/* istanbul instrument in package npmtest_skrollr */","/*jslint","    bitwise: true,","    browser: true,","    maxerr: 8,","    maxlen: 96,","    node: true,","    nomen: true,","    regexp: true,","    stupid: true","*/","(function () {","    'use strict';","    var local;","","","","    // run shared js-env code - init-before","    (function () {","        // init local","        local = {};","        // init modeJs","        local.modeJs = (function () {","            try {","                return typeof navigator.userAgent === 'string' &&","                    typeof document.querySelector('body') === 'object' &&","                    typeof XMLHttpRequest.prototype.open === 'function' &&","                    'browser';","            } catch (errorCaughtBrowser) {","                return module.exports &&","                    typeof process.versions.node === 'string' &&","                    typeof require('http').createServer === 'function' &&","                    'node';","            }","        }());","        // init global","        local.global = local.modeJs === 'browser'","            ? window","            : global;","        switch (local.modeJs) {","        // re-init local from window.local","        case 'browser':","            local = local.global.utility2.objectSetDefault(","                local.global.utility2_rollup || local.global.local,","                local.global.utility2","            );","            break;","        // re-init local from example.js","        case 'node':","            local = (local.global.utility2_rollup || require('utility2'))","                .requireReadme();","            break;","        }","        // export local","        local.global.local = local;","    }());","","","","    // run shared js-env code - function","    (function () {","        return;","    }());","    switch (local.modeJs) {","","","","    // run browser js-env code - function","    case 'browser':","        break;","","","","    // run node js-env code - function","    case 'node':","        break;","    }","","","","    // run shared js-env code - init-after","    (function () {","        return;","    }());","    switch (local.modeJs) {","","","","    // run browser js-env code - init-after","    case 'browser':","        local.testCase_browser_nullCase = local.testCase_browser_nullCase || function (","            options,","            onError","        ) {","        /*","         * this function will test browsers's null-case handling-behavior-behavior","         */","            onError(null, options);","        };","","        // run tests","        local.nop(local.modeTest &&","            document.querySelector('#testRunButton1') &&","            document.querySelector('#testRunButton1').click());","        break;","","","","    // run node js-env code - init-after","    /* istanbul ignore next */","    case 'node':","        local.testCase_buildApidoc_default = local.testCase_buildApidoc_default || function (","            options,","            onError","        ) {","        /*","         * this function will test buildApidoc's default handling-behavior-behavior","         */","            options = { modulePathList: module.paths };","            local.buildApidoc(options, onError);","        };","","        local.testCase_buildApp_default = local.testCase_buildApp_default || function (","            options,","            onError","        ) {","        /*","         * this function will test buildApp's default handling-behavior-behavior","         */","            local.testCase_buildReadme_default(options, local.onErrorThrow);","            local.testCase_buildLib_default(options, local.onErrorThrow);","            local.testCase_buildTest_default(options, local.onErrorThrow);","            local.testCase_buildCustomOrg_default(options, local.onErrorThrow);","            options = [];","            local.buildApp(options, onError);","        };","","        local.testCase_buildCustomOrg_default = local.testCase_buildCustomOrg_default ||","            function (options, onError) {","            /*","             * this function will test buildCustomOrg's default handling-behavior","             */","                options = {};","                local.buildCustomOrg(options, onError);","            };","","        local.testCase_buildLib_default = local.testCase_buildLib_default || function (","            options,","            onError","        ) {","        /*","         * this function will test buildLib's default handling-behavior","         */","            options = {};","            local.buildLib(options, onError);","        };","","        local.testCase_buildReadme_default = local.testCase_buildReadme_default || function (","            options,","            onError","        ) {","        /*","         * this function will test buildReadme's default handling-behavior-behavior","         */","            options = {};","            local.buildReadme(options, onError);","        };","","        local.testCase_buildTest_default = local.testCase_buildTest_default || function (","            options,","            onError","        ) {","        /*","         * this function will test buildTest's default handling-behavior","         */","            options = {};","            local.buildTest(options, onError);","        };","","        local.testCase_webpage_default = local.testCase_webpage_default || function (","            options,","            onError","        ) {","        /*","         * this function will test webpage's default handling-behavior","         */","            options = { modeCoverageMerge: true, url: local.serverLocalHost + '?modeTest=1' };","            local.browserTest(options, onError);","        };","","        // run test-server","        local.testRunServer(local);","        break;","    }","}());",""],"l":{"12":2,"14":2,"19":2,"21":2,"23":2,"24":2,"25":2,"30":1,"37":2,"40":2,"43":1,"47":1,"50":1,"52":1,"55":2,"61":2,"62":2,"64":2,"70":1,"76":1,"82":2,"83":2,"85":2,"91":1,"98":1,"102":1,"105":1,"112":1,"119":1,"120":1,"123":1,"130":1,"131":1,"132":1,"133":1,"134":1,"135":1,"138":1,"143":2,"144":2,"147":1,"154":2,"155":2,"158":1,"165":2,"166":2,"169":1,"176":2,"177":2,"180":1,"187":1,"188":1,"192":1,"193":1}},"/home/travis/build/npmtest/node-npmtest-skrollr/lib.npmtest_skrollr.js":{"path":"/home/travis/build/npmtest/node-npmtest-skrollr/lib.npmtest_skrollr.js","s":{"1":2,"2":2,"3":2,"4":2,"5":2,"6":2,"7":2,"8":1,"9":2,"10":2,"11":2,"12":2,"13":1,"14":1,"15":1,"16":1},"b":{"1":[2,1,1,1],"2":[1,1,1,1],"3":[1,1],"4":[2,2],"5":[1,1]},"f":{"1":2,"2":2,"3":2},"fnMap":{"1":{"name":"(anonymous_1)","line":12,"loc":{"start":{"line":12,"column":1},"end":{"line":12,"column":13}}},"2":{"name":"(anonymous_2)","line":19,"loc":{"start":{"line":19,"column":5},"end":{"line":19,"column":17}}},"3":{"name":"(anonymous_3)","line":23,"loc":{"start":{"line":23,"column":24},"end":{"line":23,"column":36}}}},"statementMap":{"1":{"start":{"line":12,"column":0},"end":{"line":53,"column":5}},"2":{"start":{"line":14,"column":4},"end":{"line":14,"column":14}},"3":{"start":{"line":19,"column":4},"end":{"line":52,"column":9}},"4":{"start":{"line":21,"column":8},"end":{"line":21,"column":19}},"5":{"start":{"line":23,"column":8},"end":{"line":35,"column":13}},"6":{"start":{"line":24,"column":12},"end":{"line":34,"column":13}},"7":{"start":{"line":25,"column":16},"end":{"line":28,"column":30}},"8":{"start":{"line":30,"column":16},"end":{"line":33,"column":27}},"9":{"start":{"line":37,"column":8},"end":{"line":39,"column":21}},"10":{"start":{"line":41,"column":8},"end":{"line":41,"column":54}},"11":{"start":{"line":43,"column":8},"end":{"line":43,"column":52}},"12":{"start":{"line":45,"column":8},"end":{"line":51,"column":9}},"13":{"start":{"line":46,"column":12},"end":{"line":46,"column":58}},"14":{"start":{"line":48,"column":12},"end":{"line":48,"column":35}},"15":{"start":{"line":49,"column":12},"end":{"line":49,"column":49}},"16":{"start":{"line":50,"column":12},"end":{"line":50,"column":43}}},"branchMap":{"1":{"line":25,"type":"binary-expr","locations":[{"start":{"line":25,"column":23},"end":{"line":25,"column":62}},{"start":{"line":26,"column":20},"end":{"line":26,"column":70}},{"start":{"line":27,"column":20},"end":{"line":27,"column":71}},{"start":{"line":28,"column":20},"end":{"line":28,"column":29}}]},"2":{"line":30,"type":"binary-expr","locations":[{"start":{"line":30,"column":23},"end":{"line":30,"column":37}},{"start":{"line":31,"column":20},"end":{"line":31,"column":61}},{"start":{"line":32,"column":20},"end":{"line":32,"column":70}},{"start":{"line":33,"column":20},"end":{"line":33,"column":26}}]},"3":{"line":37,"type":"cond-expr","locations":[{"start":{"line":38,"column":14},"end":{"line":38,"column":20}},{"start":{"line":39,"column":14},"end":{"line":39,"column":20}}]},"4":{"line":41,"type":"binary-expr","locations":[{"start":{"line":41,"column":16},"end":{"line":41,"column":44}},{"start":{"line":41,"column":48},"end":{"line":41,"column":53}}]},"5":{"line":45,"type":"if","locations":[{"start":{"line":45,"column":8},"end":{"line":45,"column":8}},{"start":{"line":45,"column":8},"end":{"line":45,"column":8}}]}},"code":["/* istanbul instrument in package npmtest_skrollr */","/*jslint","    bitwise: true,","    browser: true,","    maxerr: 8,","    maxlen: 96,","    node: true,","    nomen: true,","    regexp: true,","    stupid: true","*/","(function () {","    'use strict';","    var local;","","","","    // run shared js-env code - init-before","    (function () {","        // init local","        local = {};","        // init modeJs","        local.modeJs = (function () {","            try {","                return typeof navigator.userAgent === 'string' &&","                    typeof document.querySelector('body') === 'object' &&","                    typeof XMLHttpRequest.prototype.open === 'function' &&","                    'browser';","            } catch (errorCaughtBrowser) {","                return module.exports &&","                    typeof process.versions.node === 'string' &&","                    typeof require('http').createServer === 'function' &&","                    'node';","            }","        }());","        // init global","        local.global = local.modeJs === 'browser'","            ? window","            : global;","        // init utility2_rollup","        local = local.global.utility2_rollup || local;","        // init lib","        local.local = local.npmtest_skrollr = local;","        // init exports","        if (local.modeJs === 'browser') {","            local.global.utility2_npmtest_skrollr = local;","        } else {","            module.exports = local;","            module.exports.__dirname = __dirname;","            module.exports.module = module;","        }","    }());","}());",""],"l":{"12":2,"14":2,"19":2,"21":2,"23":2,"24":2,"25":2,"30":1,"37":2,"41":2,"43":2,"45":2,"46":1,"48":1,"49":1,"50":1}},"/home/travis/build/npmtest/node-npmtest-skrollr/example.js":{"path":"/home/travis/build/npmtest/node-npmtest-skrollr/example.js","s":{"1":2,"2":2,"3":2,"4":2,"5":2,"6":2,"7":2,"8":1,"9":2,"10":2,"11":2,"12":2,"13":1,"14":2,"15":2,"16":2,"17":2,"18":2,"19":0,"20":2,"21":1,"22":1,"23":1,"24":1,"25":1,"26":0,"27":0,"28":1,"29":1,"30":2,"31":0,"32":0,"33":0,"34":1,"35":2,"36":2,"37":3,"38":3,"39":3,"40":3,"41":0,"42":3,"43":3,"44":3,"45":1,"46":3,"47":1,"48":1,"49":1,"50":1,"51":1,"52":1,"53":1,"54":1,"55":1,"56":1,"57":0,"58":1,"59":6,"60":6,"61":1,"62":2,"63":0,"64":2,"65":1,"66":1,"67":0,"68":0,"69":0,"70":0,"71":0,"72":0,"73":0,"74":0,"75":0,"76":0,"77":0,"78":0,"79":0,"80":0,"81":0,"82":0,"83":0},"b":{"1":[2,1,1,1],"2":[1,1,1,1],"3":[1,1],"4":[2,2],"5":[1,1],"6":[1,1],"7":[2,0],"8":[2,1,1,1,1,1],"9":[0,2,0],"10":[1,1],"11":[2,1,1],"12":[1,0],"13":[0,2],"14":[2,0,0,0,0,0,0],"15":[0,3],"16":[3,0],"17":[1,1],"18":[0,1],"19":[1,2,0,2],"20":[1,0],"21":[1,1],"22":[0,0],"23":[0,0],"24":[0,0],"25":[0,0],"26":[0,0],"27":[0,0],"28":[0,0]},"f":{"1":2,"2":2,"3":2,"4":2,"5":2,"6":2,"7":3,"8":3,"9":3,"10":1,"11":6,"12":0},"fnMap":{"1":{"name":"(anonymous_1)","line":26,"loc":{"start":{"line":26,"column":1},"end":{"line":26,"column":13}}},"2":{"name":"(anonymous_2)","line":33,"loc":{"start":{"line":33,"column":5},"end":{"line":33,"column":17}}},"3":{"name":"(anonymous_3)","line":37,"loc":{"start":{"line":37,"column":24},"end":{"line":37,"column":36}}},"4":{"name":"(anonymous_4)","line":69,"loc":{"start":{"line":69,"column":31},"end":{"line":69,"column":48}},"skip":true},"5":{"name":"(anonymous_5)","line":78,"loc":{"start":{"line":78,"column":26},"end":{"line":78,"column":45}},"skip":true},"6":{"name":"(anonymous_6)","line":123,"loc":{"start":{"line":123,"column":33},"end":{"line":123,"column":48}},"skip":true},"7":{"name":"(anonymous_7)","line":125,"loc":{"start":{"line":125,"column":27},"end":{"line":125,"column":39}},"skip":true},"8":{"name":"(anonymous_8)","line":133,"loc":{"start":{"line":133,"column":59},"end":{"line":133,"column":74}},"skip":true},"9":{"name":"(anonymous_9)","line":143,"loc":{"start":{"line":143,"column":45},"end":{"line":143,"column":62}},"skip":true},"10":{"name":"(anonymous_10)","line":144,"loc":{"start":{"line":144,"column":73},"end":{"line":144,"column":92}},"skip":true},"11":{"name":"(anonymous_11)","line":272,"loc":{"start":{"line":272,"column":51},"end":{"line":272,"column":77}},"skip":true},"12":{"name":"(anonymous_12)","line":315,"loc":{"start":{"line":315,"column":32},"end":{"line":315,"column":61}},"skip":true}},"statementMap":{"1":{"start":{"line":26,"column":0},"end":{"line":326,"column":5}},"2":{"start":{"line":28,"column":4},"end":{"line":28,"column":14}},"3":{"start":{"line":33,"column":4},"end":{"line":60,"column":9}},"4":{"start":{"line":35,"column":8},"end":{"line":35,"column":19}},"5":{"start":{"line":37,"column":8},"end":{"line":49,"column":13}},"6":{"start":{"line":38,"column":12},"end":{"line":48,"column":13}},"7":{"start":{"line":39,"column":16},"end":{"line":42,"column":30}},"8":{"start":{"line":44,"column":16},"end":{"line":47,"column":27}},"9":{"start":{"line":51,"column":8},"end":{"line":53,"column":21}},"10":{"start":{"line":55,"column":8},"end":{"line":57,"column":45}},"11":{"start":{"line":59,"column":8},"end":{"line":59,"column":35}},"12":{"start":{"line":61,"column":4},"end":{"line":325,"column":5}},"13":{"start":{"line":69,"column":8},"end":{"line":121,"column":10},"skip":true},"14":{"start":{"line":70,"column":12},"end":{"line":88,"column":13},"skip":true},"15":{"start":{"line":76,"column":16},"end":{"line":87,"column":19},"skip":true},"16":{"start":{"line":79,"column":20},"end":{"line":86,"column":21},"skip":true},"17":{"start":{"line":82,"column":24},"end":{"line":82,"column":43},"skip":true},"18":{"start":{"line":83,"column":24},"end":{"line":83,"column":30},"skip":true},"19":{"start":{"line":85,"column":24},"end":{"line":85,"column":49},"skip":true},"20":{"start":{"line":89,"column":12},"end":{"line":107,"column":13},"skip":true},"21":{"start":{"line":92,"column":16},"end":{"line":102,"column":17},"skip":true},"22":{"start":{"line":93,"column":20},"end":{"line":93,"column":86},"skip":true},"23":{"start":{"line":94,"column":20},"end":{"line":95,"column":45},"skip":true},"24":{"start":{"line":96,"column":20},"end":{"line":96,"column":42},"skip":true},"25":{"start":{"line":97,"column":20},"end":{"line":97,"column":48},"skip":true},"26":{"start":{"line":100,"column":20},"end":{"line":100,"column":85},"skip":true},"27":{"start":{"line":101,"column":20},"end":{"line":101,"column":96},"skip":true},"28":{"start":{"line":103,"column":16},"end":{"line":103,"column":22},"skip":true},"29":{"start":{"line":106,"column":16},"end":{"line":106,"column":22},"skip":true},"30":{"start":{"line":108,"column":12},"end":{"line":120,"column":13},"skip":true},"31":{"start":{"line":114,"column":16},"end":{"line":119,"column":17},"skip":true},"32":{"start":{"line":116,"column":20},"end":{"line":116,"column":78},"skip":true},"33":{"start":{"line":118,"column":20},"end":{"line":118,"column":47},"skip":true},"34":{"start":{"line":123,"column":8},"end":{"line":141,"column":11},"skip":true},"35":{"start":{"line":124,"column":12},"end":{"line":124,"column":54},"skip":true},"36":{"start":{"line":125,"column":12},"end":{"line":140,"column":14},"skip":true},"37":{"start":{"line":126,"column":16},"end":{"line":126,"column":28},"skip":true},"38":{"start":{"line":127,"column":16},"end":{"line":127,"column":69},"skip":true},"39":{"start":{"line":128,"column":16},"end":{"line":128,"column":75},"skip":true},"40":{"start":{"line":129,"column":16},"end":{"line":131,"column":17},"skip":true},"41":{"start":{"line":130,"column":20},"end":{"line":130,"column":27},"skip":true},"42":{"start":{"line":133,"column":16},"end":{"line":137,"column":36},"skip":true},"43":{"start":{"line":134,"column":20},"end":{"line":136,"column":55},"skip":true},"44":{"start":{"line":139,"column":16},"end":{"line":139,"column":57},"skip":true},"45":{"start":{"line":143,"column":8},"end":{"line":147,"column":11},"skip":true},"46":{"start":{"line":144,"column":12},"end":{"line":146,"column":15},"skip":true},"47":{"start":{"line":145,"column":16},"end":{"line":145,"column":70},"skip":true},"48":{"start":{"line":149,"column":8},"end":{"line":149,"column":31},"skip":true},"49":{"start":{"line":150,"column":8},"end":{"line":150,"column":14},"skip":true},"50":{"start":{"line":158,"column":8},"end":{"line":158,"column":31},"skip":true},"51":{"start":{"line":160,"column":8},"end":{"line":160,"column":33},"skip":true},"52":{"start":{"line":161,"column":8},"end":{"line":161,"column":37},"skip":true},"53":{"start":{"line":162,"column":8},"end":{"line":162,"column":35},"skip":true},"54":{"start":{"line":164,"column":8},"end":{"line":164,"column":50},"skip":true},"55":{"start":{"line":166,"column":8},"end":{"line":256,"column":2},"skip":true},"56":{"start":{"line":258,"column":8},"end":{"line":286,"column":9},"skip":true},"57":{"start":{"line":259,"column":12},"end":{"line":269,"column":14},"skip":true},"58":{"start":{"line":271,"column":12},"end":{"line":285,"column":19},"skip":true},"59":{"start":{"line":274,"column":20},"end":{"line":274,"column":35},"skip":true},"60":{"start":{"line":275,"column":20},"end":{"line":284,"column":21},"skip":true},"61":{"start":{"line":277,"column":24},"end":{"line":277,"column":64},"skip":true},"62":{"start":{"line":279,"column":24},"end":{"line":279,"column":40},"skip":true},"63":{"start":{"line":281,"column":24},"end":{"line":281,"column":40},"skip":true},"64":{"start":{"line":283,"column":24},"end":{"line":283,"column":39},"skip":true},"65":{"start":{"line":288,"column":8},"end":{"line":290,"column":9},"skip":true},"66":{"start":{"line":289,"column":12},"end":{"line":289,"column":18},"skip":true},"67":{"start":{"line":291,"column":8},"end":{"line":293,"column":54},"skip":true},"68":{"start":{"line":296,"column":8},"end":{"line":301,"column":37},"skip":true},"69":{"start":{"line":303,"column":8},"end":{"line":303,"column":82},"skip":true},"70":{"start":{"line":306,"column":8},"end":{"line":308,"column":9},"skip":true},"71":{"start":{"line":307,"column":12},"end":{"line":307,"column":82},"skip":true},"72":{"start":{"line":310,"column":8},"end":{"line":312,"column":9},"skip":true},"73":{"start":{"line":311,"column":12},"end":{"line":311,"column":18},"skip":true},"74":{"start":{"line":313,"column":8},"end":{"line":313,"column":54},"skip":true},"75":{"start":{"line":314,"column":8},"end":{"line":314,"column":69},"skip":true},"76":{"start":{"line":315,"column":8},"end":{"line":323,"column":36},"skip":true},"77":{"start":{"line":316,"column":12},"end":{"line":316,"column":61},"skip":true},"78":{"start":{"line":317,"column":12},"end":{"line":320,"column":13},"skip":true},"79":{"start":{"line":318,"column":16},"end":{"line":318,"column":75},"skip":true},"80":{"start":{"line":319,"column":16},"end":{"line":319,"column":23},"skip":true},"81":{"start":{"line":321,"column":12},"end":{"line":321,"column":38},"skip":true},"82":{"start":{"line":322,"column":12},"end":{"line":322,"column":27},"skip":true},"83":{"start":{"line":324,"column":8},"end":{"line":324,"column":14},"skip":true}},"branchMap":{"1":{"line":39,"type":"binary-expr","locations":[{"start":{"line":39,"column":23},"end":{"line":39,"column":62}},{"start":{"line":40,"column":20},"end":{"line":40,"column":70}},{"start":{"line":41,"column":20},"end":{"line":41,"column":71}},{"start":{"line":42,"column":20},"end":{"line":42,"column":29}}]},"2":{"line":44,"type":"binary-expr","locations":[{"start":{"line":44,"column":23},"end":{"line":44,"column":37}},{"start":{"line":45,"column":20},"end":{"line":45,"column":61}},{"start":{"line":46,"column":20},"end":{"line":46,"column":70}},{"start":{"line":47,"column":20},"end":{"line":47,"column":26}}]},"3":{"line":51,"type":"cond-expr","locations":[{"start":{"line":52,"column":14},"end":{"line":52,"column":20}},{"start":{"line":53,"column":14},"end":{"line":53,"column":20}}]},"4":{"line":55,"type":"binary-expr","locations":[{"start":{"line":55,"column":16},"end":{"line":55,"column":44}},{"start":{"line":55,"column":49},"end":{"line":57,"column":43}}]},"5":{"line":55,"type":"cond-expr","locations":[{"start":{"line":56,"column":14},"end":{"line":56,"column":51}},{"start":{"line":57,"column":14},"end":{"line":57,"column":43}}]},"6":{"line":61,"type":"switch","locations":[{"start":{"line":68,"column":4},"end":{"line":150,"column":14},"skip":true},{"start":{"line":156,"column":4},"end":{"line":324,"column":14},"skip":true}]},"7":{"line":70,"type":"if","locations":[{"start":{"line":70,"column":12},"end":{"line":70,"column":12},"skip":true},{"start":{"line":70,"column":12},"end":{"line":70,"column":12},"skip":true}]},"8":{"line":70,"type":"binary-expr","locations":[{"start":{"line":70,"column":16},"end":{"line":70,"column":22},"skip":true},{"start":{"line":70,"column":27},"end":{"line":70,"column":32},"skip":true},{"start":{"line":71,"column":20},"end":{"line":71,"column":39},"skip":true},{"start":{"line":72,"column":20},"end":{"line":72,"column":49},"skip":true},{"start":{"line":73,"column":20},"end":{"line":73,"column":58},"skip":true},{"start":{"line":74,"column":20},"end":{"line":74,"column":69},"skip":true}]},"9":{"line":79,"type":"switch","locations":[{"start":{"line":80,"column":20},"end":{"line":80,"column":33},"skip":true},{"start":{"line":81,"column":20},"end":{"line":83,"column":30},"skip":true},{"start":{"line":84,"column":20},"end":{"line":85,"column":49},"skip":true}]},"10":{"line":89,"type":"switch","locations":[{"start":{"line":90,"column":12},"end":{"line":103,"column":22},"skip":true},{"start":{"line":105,"column":12},"end":{"line":106,"column":22},"skip":true}]},"11":{"line":89,"type":"binary-expr","locations":[{"start":{"line":89,"column":20},"end":{"line":89,"column":25},"skip":true},{"start":{"line":89,"column":29},"end":{"line":89,"column":48},"skip":true},{"start":{"line":89,"column":52},"end":{"line":89,"column":74},"skip":true}]},"12":{"line":92,"type":"if","locations":[{"start":{"line":92,"column":16},"end":{"line":92,"column":16},"skip":true},{"start":{"line":92,"column":16},"end":{"line":92,"column":16},"skip":true}]},"13":{"line":108,"type":"if","locations":[{"start":{"line":108,"column":12},"end":{"line":108,"column":12},"skip":true},{"start":{"line":108,"column":12},"end":{"line":108,"column":12},"skip":true}]},"14":{"line":108,"type":"binary-expr","locations":[{"start":{"line":108,"column":16},"end":{"line":108,"column":61},"skip":true},{"start":{"line":108,"column":66},"end":{"line":108,"column":72},"skip":true},{"start":{"line":108,"column":77},"end":{"line":108,"column":82},"skip":true},{"start":{"line":109,"column":20},"end":{"line":109,"column":39},"skip":true},{"start":{"line":110,"column":20},"end":{"line":110,"column":49},"skip":true},{"start":{"line":111,"column":20},"end":{"line":111,"column":58},"skip":true},{"start":{"line":112,"column":20},"end":{"line":112,"column":68},"skip":true}]},"15":{"line":129,"type":"if","locations":[{"start":{"line":129,"column":16},"end":{"line":129,"column":16},"skip":true},{"start":{"line":129,"column":16},"end":{"line":129,"column":16},"skip":true}]},"16":{"line":134,"type":"cond-expr","locations":[{"start":{"line":135,"column":26},"end":{"line":135,"column":29},"skip":true},{"start":{"line":136,"column":26},"end":{"line":136,"column":54},"skip":true}]},"17":{"line":164,"type":"binary-expr","locations":[{"start":{"line":164,"column":27},"end":{"line":164,"column":43},"skip":true},{"start":{"line":164,"column":47},"end":{"line":164,"column":49},"skip":true}]},"18":{"line":258,"type":"if","locations":[{"start":{"line":258,"column":8},"end":{"line":258,"column":8},"skip":true},{"start":{"line":258,"column":8},"end":{"line":258,"column":8},"skip":true}]},"19":{"line":275,"type":"switch","locations":[{"start":{"line":276,"column":20},"end":{"line":277,"column":64},"skip":true},{"start":{"line":278,"column":20},"end":{"line":279,"column":40},"skip":true},{"start":{"line":280,"column":20},"end":{"line":281,"column":40},"skip":true},{"start":{"line":282,"column":20},"end":{"line":283,"column":39},"skip":true}]},"20":{"line":288,"type":"if","locations":[{"start":{"line":288,"column":8},"end":{"line":288,"column":8},"skip":true},{"start":{"line":288,"column":8},"end":{"line":288,"column":8},"skip":true}]},"21":{"line":288,"type":"binary-expr","locations":[{"start":{"line":288,"column":12},"end":{"line":288,"column":40},"skip":true},{"start":{"line":288,"column":44},"end":{"line":288,"column":67},"skip":true}]},"22":{"line":292,"type":"binary-expr","locations":[{"start":{"line":292,"column":12},"end":{"line":292,"column":50},"skip":true},{"start":{"line":293,"column":12},"end":{"line":293,"column":53},"skip":true}]},"23":{"line":297,"type":"binary-expr","locations":[{"start":{"line":297,"column":12},"end":{"line":297,"column":65},"skip":true},{"start":{"line":298,"column":12},"end":{"line":301,"column":36},"skip":true}]},"24":{"line":303,"type":"binary-expr","locations":[{"start":{"line":303,"column":43},"end":{"line":303,"column":75},"skip":true},{"start":{"line":303,"column":79},"end":{"line":303,"column":81},"skip":true}]},"25":{"line":306,"type":"if","locations":[{"start":{"line":306,"column":8},"end":{"line":306,"column":8},"skip":true},{"start":{"line":306,"column":8},"end":{"line":306,"column":8},"skip":true}]},"26":{"line":310,"type":"if","locations":[{"start":{"line":310,"column":8},"end":{"line":310,"column":8},"skip":true},{"start":{"line":310,"column":8},"end":{"line":310,"column":8},"skip":true}]},"27":{"line":313,"type":"binary-expr","locations":[{"start":{"line":313,"column":27},"end":{"line":313,"column":43},"skip":true},{"start":{"line":313,"column":47},"end":{"line":313,"column":53},"skip":true}]},"28":{"line":317,"type":"if","locations":[{"start":{"line":317,"column":12},"end":{"line":317,"column":12},"skip":true},{"start":{"line":317,"column":12},"end":{"line":317,"column":12},"skip":true}]}},"code":["/*","example.js","","quickstart example","","instruction","    1. save this script as example.js","    2. run the shell command:","        $ npm install npmtest-skrollr && PORT=8081 node example.js","    3. play with the browser-demo on http://127.0.0.1:8081","*/","","","","/* istanbul instrument in package npmtest_skrollr */","/*jslint","    bitwise: true,","    browser: true,","    maxerr: 8,","    maxlen: 96,","    node: true,","    nomen: true,","    regexp: true,","    stupid: true","*/","(function () {","    'use strict';","    var local;","","","","    // run shared js-env code - init-before","    (function () {","        // init local","        local = {};","        // init modeJs","        local.modeJs = (function () {","            try {","                return typeof navigator.userAgent === 'string' &&","                    typeof document.querySelector('body') === 'object' &&","                    typeof XMLHttpRequest.prototype.open === 'function' &&","                    'browser';","            } catch (errorCaughtBrowser) {","                return module.exports &&","                    typeof process.versions.node === 'string' &&","                    typeof require('http').createServer === 'function' &&","                    'node';","            }","        }());","        // init global","        local.global = local.modeJs === 'browser'","            ? window","            : global;","        // init utility2_rollup","        local = local.global.utility2_rollup || (local.modeJs === 'browser'","            ? local.global.utility2_npmtest_skrollr","            : global.utility2_moduleExports);","        // export local","        local.global.local = local;","    }());","    switch (local.modeJs) {","","","","    // init-after","    // run browser js-env code - init-after","    /* istanbul ignore next */","    case 'browser':","        local.testRunBrowser = function (event) {","            if (!event || (event &&","                    event.currentTarget &&","                    event.currentTarget.className &&","                    event.currentTarget.className.includes &&","                    event.currentTarget.className.includes('onreset'))) {","                // reset output","                Array.from(","                    document.querySelectorAll('body > .resettable')","                ).forEach(function (element) {","                    switch (element.tagName) {","                    case 'INPUT':","                    case 'TEXTAREA':","                        element.value = '';","                        break;","                    default:","                        element.textContent = '';","                    }","                });","            }","            switch (event && event.currentTarget && event.currentTarget.id) {","            case 'testRunButton1':","                // show tests","                if (document.querySelector('#testReportDiv1').style.display === 'none') {","                    document.querySelector('#testReportDiv1').style.display = 'block';","                    document.querySelector('#testRunButton1').textContent =","                        'hide internal test';","                    local.modeTest = true;","                    local.testRunDefault(local);","                // hide tests","                } else {","                    document.querySelector('#testReportDiv1').style.display = 'none';","                    document.querySelector('#testRunButton1').textContent = 'run internal test';","                }","                break;","            // custom-case","            default:","                break;","            }","            if (document.querySelector('#inputTextareaEval1') && (!event || (event &&","                    event.currentTarget &&","                    event.currentTarget.className &&","                    event.currentTarget.className.includes &&","                    event.currentTarget.className.includes('oneval')))) {","                // try to eval input-code","                try {","                    /*jslint evil: true*/","                    eval(document.querySelector('#inputTextareaEval1').value);","                } catch (errorCaught) {","                    console.error(errorCaught);","                }","            }","        };","        // log stderr and stdout to #outputTextareaStdout1","        ['error', 'log'].forEach(function (key) {","            console[key + '_original'] = console[key];","            console[key] = function () {","                var element;","                console[key + '_original'].apply(console, arguments);","                element = document.querySelector('#outputTextareaStdout1');","                if (!element) {","                    return;","                }","                // append text to #outputTextareaStdout1","                element.value += Array.from(arguments).map(function (arg) {","                    return typeof arg === 'string'","                        ? arg","                        : JSON.stringify(arg, null, 4);","                }).join(' ') + '\\n';","                // scroll textarea to bottom","                element.scrollTop = element.scrollHeight;","            };","        });","        // init event-handling","        ['change', 'click', 'keyup'].forEach(function (event) {","            Array.from(document.querySelectorAll('.on' + event)).forEach(function (element) {","                element.addEventListener(event, local.testRunBrowser);","            });","        });","        // run tests","        local.testRunBrowser();","        break;","","","","    // run node js-env code - init-after","    /* istanbul ignore next */","    case 'node':","        // export local","        module.exports = local;","        // require modules","        local.fs = require('fs');","        local.http = require('http');","        local.url = require('url');","        // init assets","        local.assetsDict = local.assetsDict || {};","        /* jslint-ignore-begin */","        local.assetsDict['/assets.index.template.html'] = '\\","<!doctype html>\\n\\","<html lang=\"en\">\\n\\","<head>\\n\\","<meta charset=\"UTF-8\">\\n\\","<meta name=\"viewport\" content=\"width=device-width, initial-scale=1\">\\n\\","<title>{{env.npm_package_name}} (v{{env.npm_package_version}})</title>\\n\\","<style>\\n\\","/*csslint\\n\\","    box-sizing: false,\\n\\","    universal-selector: false\\n\\","*/\\n\\","* {\\n\\","    box-sizing: border-box;\\n\\","}\\n\\","body {\\n\\","    background: #dde;\\n\\","    font-family: Arial, Helvetica, sans-serif;\\n\\","    margin: 2rem;\\n\\","}\\n\\","body > * {\\n\\","    margin-bottom: 1rem;\\n\\","}\\n\\",".utility2FooterDiv {\\n\\","    margin-top: 20px;\\n\\","    text-align: center;\\n\\","}\\n\\","</style>\\n\\","<style>\\n\\","/*csslint\\n\\","*/\\n\\","textarea {\\n\\","    font-family: monospace;\\n\\","    height: 10rem;\\n\\","    width: 100%;\\n\\","}\\n\\","textarea[readonly] {\\n\\","    background: #ddd;\\n\\","}\\n\\","</style>\\n\\","</head>\\n\\","<body>\\n\\","<!-- utility2-comment\\n\\","<div id=\"ajaxProgressDiv1\" style=\"background: #d00; height: 2px; left: 0; margin: 0; padding: 0; position: fixed; top: 0; transition: background 0.5s, width 1.5s; width: 25%;\"></div>\\n\\","utility2-comment -->\\n\\","<h1>\\n\\","<!-- utility2-comment\\n\\","    <a\\n\\","        {{#if env.npm_package_homepage}}\\n\\","        href=\"{{env.npm_package_homepage}}\"\\n\\","        {{/if env.npm_package_homepage}}\\n\\","        target=\"_blank\"\\n\\","    >\\n\\","utility2-comment -->\\n\\","        {{env.npm_package_name}} (v{{env.npm_package_version}})\\n\\","<!-- utility2-comment\\n\\","    </a>\\n\\","utility2-comment -->\\n\\","</h1>\\n\\","<h3>{{env.npm_package_description}}</h3>\\n\\","<!-- utility2-comment\\n\\","<h4><a download href=\"assets.app.js\">download standalone app</a></h4>\\n\\","<button class=\"onclick onreset\" id=\"testRunButton1\">run internal test</button><br>\\n\\","<div id=\"testReportDiv1\" style=\"display: none;\"></div>\\n\\","utility2-comment -->\\n\\","\\n\\","\\n\\","\\n\\","<label>stderr and stdout</label>\\n\\","<textarea class=\"resettable\" id=\"outputTextareaStdout1\" readonly></textarea>\\n\\","<!-- utility2-comment\\n\\","{{#if isRollup}}\\n\\","<script src=\"assets.app.js\"></script>\\n\\","{{#unless isRollup}}\\n\\","utility2-comment -->\\n\\","<script src=\"assets.utility2.rollup.js\"></script>\\n\\","<script src=\"jsonp.utility2._stateInit?callback=window.utility2._stateInit\"></script>\\n\\","<script src=\"assets.npmtest_skrollr.rollup.js\"></script>\\n\\","<script src=\"assets.example.js\"></script>\\n\\","<script src=\"assets.test.js\"></script>\\n\\","<!-- utility2-comment\\n\\","{{/if isRollup}}\\n\\","utility2-comment -->\\n\\","<div class=\"utility2FooterDiv\">\\n\\","    [ this app was created with\\n\\","    <a href=\"https://github.com/kaizhu256/node-utility2\" target=\"_blank\">utility2</a>\\n\\","    ]\\n\\","</div>\\n\\","</body>\\n\\","</html>\\n\\","';","        /* jslint-ignore-end */","        if (local.templateRender) {","            local.assetsDict['/'] = local.templateRender(","                local.assetsDict['/assets.index.template.html'],","                {","                    env: local.objectSetDefault(local.env, {","                        npm_package_description: 'the greatest app in the world!',","                        npm_package_name: 'my-app',","                        npm_package_nameAlias: 'my_app',","                        npm_package_version: '0.0.1'","                    })","                }","            );","        } else {","            local.assetsDict['/'] = local.assetsDict['/assets.index.template.html']","                .replace((/\\{\\{env\\.(\\w+?)\\}\\}/g), function (match0, match1) {","                    // jslint-hack","                    String(match0);","                    switch (match1) {","                    case 'npm_package_description':","                        return 'the greatest app in the world!';","                    case 'npm_package_name':","                        return 'my-app';","                    case 'npm_package_nameAlias':","                        return 'my_app';","                    case 'npm_package_version':","                        return '0.0.1';","                    }","                });","        }","        // run the cli","        if (local.global.utility2_rollup || module !== require.main) {","            break;","        }","        local.assetsDict['/assets.example.js'] =","            local.assetsDict['/assets.example.js'] ||","            local.fs.readFileSync(__filename, 'utf8');","        // bug-workaround - long $npm_package_buildCustomOrg","        /* jslint-ignore-begin */","        local.assetsDict['/assets.npmtest_skrollr.rollup.js'] =","            local.assetsDict['/assets.npmtest_skrollr.rollup.js'] ||","            local.fs.readFileSync(","                local.npmtest_skrollr.__dirname + '/lib.npmtest_skrollr.js',","                'utf8'","            ).replace((/^#!/), '//');","        /* jslint-ignore-end */","        local.assetsDict['/favicon.ico'] = local.assetsDict['/favicon.ico'] || '';","        // if $npm_config_timeout_exit exists,","        // then exit this process after $npm_config_timeout_exit ms","        if (Number(process.env.npm_config_timeout_exit)) {","            setTimeout(process.exit, Number(process.env.npm_config_timeout_exit));","        }","        // start server","        if (local.global.utility2_serverHttp1) {","            break;","        }","        process.env.PORT = process.env.PORT || '8081';","        console.error('server starting on port ' + process.env.PORT);","        local.http.createServer(function (request, response) {","            request.urlParsed = local.url.parse(request.url);","            if (local.assetsDict[request.urlParsed.pathname] !== undefined) {","                response.end(local.assetsDict[request.urlParsed.pathname]);","                return;","            }","            response.statusCode = 404;","            response.end();","        }).listen(process.env.PORT);","        break;","    }","}());",""],"l":{"26":2,"28":2,"33":2,"35":2,"37":2,"38":2,"39":2,"44":1,"51":2,"55":2,"59":2,"61":2,"69":1,"70":2,"76":2,"79":2,"82":2,"83":2,"85":1,"89":2,"92":1,"93":1,"94":1,"96":1,"97":1,"100":1,"101":1,"103":1,"106":1,"108":2,"114":1,"116":1,"118":1,"123":1,"124":2,"125":2,"126":3,"127":3,"128":3,"129":3,"130":1,"133":3,"134":3,"139":3,"143":1,"144":3,"145":1,"149":1,"150":1,"158":1,"160":1,"161":1,"162":1,"164":1,"166":1,"258":1,"259":1,"271":1,"274":6,"275":6,"277":1,"279":2,"281":1,"283":2,"288":1,"289":1,"291":1,"296":1,"303":1,"306":1,"307":1,"310":1,"311":1,"313":1,"314":1,"315":1,"316":1,"317":1,"318":1,"319":1,"321":1,"322":1,"324":1}},"/home/travis/build/npmtest/node-npmtest-skrollr/node_modules/skrollr/dist/skrollr.min.js":{"path":"/home/travis/build/npmtest/node-npmtest-skrollr/node_modules/skrollr/dist/skrollr.min.js","s":{"1":2,"2":1,"3":0,"4":0,"5":0,"6":0,"7":0,"8":0,"9":0,"10":0,"11":0,"12":0,"13":0,"14":0,"15":0,"16":0,"17":0,"18":0,"19":0,"20":0,"21":0,"22":0,"23":0,"24":0,"25":0,"26":0,"27":0,"28":0,"29":0,"30":0,"31":0,"32":0,"33":0,"34":0,"35":0,"36":0,"37":0,"38":0,"39":0,"40":0,"41":0,"42":0,"43":0,"44":0,"45":0,"46":0,"47":0,"48":0,"49":0,"50":0,"51":0,"52":0,"53":0,"54":0,"55":0,"56":0,"57":0,"58":0,"59":0,"60":0,"61":0,"62":0,"63":0,"64":0,"65":0,"66":0,"67":0,"68":0,"69":0,"70":0,"71":0,"72":0,"73":0,"74":0,"75":0,"76":0,"77":0,"78":0,"79":0,"80":0,"81":0,"82":0,"83":0,"84":0,"85":0,"86":0,"87":0,"88":0,"89":0,"90":0,"91":0,"92":0,"93":0,"94":0,"95":0,"96":0,"97":0,"98":0,"99":0,"100":0,"101":0,"102":0,"103":0,"104":0,"105":0,"106":0,"107":0,"108":0,"109":0,"110":0,"111":0,"112":0,"113":0,"114":0,"115":0,"116":0,"117":0,"118":0,"119":0,"120":0,"121":0,"122":0,"123":0,"124":0,"125":0,"126":0,"127":0,"128":0,"129":0,"130":0,"131":0,"132":0,"133":0,"134":0,"135":0,"136":0,"137":0,"138":0,"139":0,"140":0,"141":0,"142":0,"143":0,"144":0,"145":0,"146":0,"147":0,"148":0,"149":0,"150":0,"151":0,"152":0,"153":0,"154":0,"155":0,"156":0,"157":0,"158":0,"159":0,"160":0,"161":0,"162":0,"163":0,"164":0,"165":0,"166":0,"167":0,"168":0,"169":0,"170":0,"171":0,"172":0,"173":0,"174":0,"175":0,"176":0,"177":0,"178":0,"179":0,"180":0,"181":0,"182":0,"183":0,"184":0,"185":0,"186":0,"187":0,"188":0,"189":0,"190":0,"191":0,"192":0,"193":0,"194":0,"195":0,"196":0,"197":0,"198":0,"199":0,"200":0,"201":0,"202":0,"203":0,"204":0,"205":0,"206":0,"207":0,"208":0,"209":0,"210":0,"211":0,"212":0,"213":0,"214":0,"215":0,"216":0,"217":0,"218":0,"219":0,"220":0,"221":0,"222":0,"223":0,"224":0,"225":0,"226":0,"227":0,"228":0,"229":0,"230":0,"231":0,"232":0,"233":0,"234":0,"235":0,"236":0,"237":0,"238":0,"239":0,"240":0,"241":0,"242":0,"243":0,"244":0,"245":0,"246":0,"247":0,"248":0,"249":0,"250":0,"251":0,"252":0,"253":0},"b":{"1":[0,0],"2":[0,0],"3":[0,0],"4":[0,0],"5":[0,0],"6":[0,0],"7":[0,0],"8":[0,0],"9":[0,0],"10":[0,0,0],"11":[0,0],"12":[0,0],"13":[0,0,0],"14":[0,0],"15":[0,0],"16":[0,0],"17":[0,0,0],"18":[0,0],"19":[0,0],"20":[0,0],"21":[0,0,0],"22":[0,0],"23":[0,0,0],"24":[0,0],"25":[0,0],"26":[0,0],"27":[0,0],"28":[0,0],"29":[0,0,0],"30":[0,0],"31":[0,0],"32":[0,0],"33":[0,0],"34":[0,0],"35":[0,0],"36":[0,0],"37":[0,0],"38":[0,0],"39":[0,0,0],"40":[0,0],"41":[0,0],"42":[0,0],"43":[0,0],"44":[0,0],"45":[0,0],"46":[0,0],"47":[0,0],"48":[0,0],"49":[0,0],"50":[0,0],"51":[0,0],"52":[0,0],"53":[0,0],"54":[0,0],"55":[0,0],"56":[0,0],"57":[0,0,0],"58":[0,0],"59":[0,0],"60":[0,0,0,0],"61":[0,0],"62":[0,0,0,0,0],"63":[0,0],"64":[0,0],"65":[0,0,0],"66":[0,0],"67":[0,0],"68":[0,0],"69":[0,0],"70":[0,0],"71":[0,0],"72":[0,0],"73":[0,0,0,0],"74":[0,0],"75":[0,0],"76":[0,0],"77":[0,0],"78":[0,0],"79":[0,0],"80":[0,0],"81":[0,0,0,0],"82":[0,0,0,0],"83":[0,0],"84":[0,0,0],"85":[0,0,0],"86":[0,0],"87":[0,0],"88":[0,0],"89":[0,0],"90":[0,0],"91":[0,0],"92":[0,0],"93":[0,0],"94":[0,0,0],"95":[0,0],"96":[0,0],"97":[0,0],"98":[0,0],"99":[0,0],"100":[0,0],"101":[0,0],"102":[0,0],"103":[0,0,0],"104":[0,0],"105":[0,0],"106":[0,0],"107":[0,0],"108":[0,0],"109":[0,0],"110":[0,0],"111":[0,0],"112":[0,0],"113":[0,0],"114":[0,0],"115":[0,0],"116":[0,0],"117":[0,0],"118":[0,0,0,0],"119":[0,0],"120":[0,0],"121":[0,0],"122":[0,0],"123":[0,0],"124":[0,0],"125":[0,0],"126":[0,0],"127":[0,0],"128":[0,0],"129":[0,0],"130":[0,0,0],"131":[0,0,0],"132":[0,0],"133":[0,0],"134":[0,0],"135":[0,0,0],"136":[0,0,0],"137":[0,0],"138":[0,0,0],"139":[0,0],"140":[0,0],"141":[0,0],"142":[0,0],"143":[0,0],"144":[0,0]},"f":{"1":0,"2":0,"3":0,"4":0,"5":0,"6":0,"7":0,"8":0,"9":0,"10":0,"11":0,"12":0,"13":0,"14":0,"15":0,"16":0,"17":0,"18":0,"19":0,"20":0,"21":0,"22":0,"23":0,"24":0,"25":0,"26":0,"27":0,"28":0,"29":0,"30":0,"31":0,"32":0,"33":0,"34":0,"35":0,"36":0,"37":0,"38":0,"39":0,"40":0,"41":0,"42":0,"43":0,"44":0,"45":0,"46":0,"47":0,"48":0,"49":0,"50":0,"51":0,"52":0,"53":0,"54":0,"55":0,"56":0,"57":0,"58":0,"59":0,"60":0,"61":0,"62":0,"63":0,"64":0,"65":0,"66":0,"67":0,"68":0,"69":0,"70":0},"fnMap":{"1":{"name":"(anonymous_1)","line":2,"loc":{"start":{"line":2,"column":1},"end":{"line":2,"column":16}}},"2":{"name":"n","line":2,"loc":{"start":{"line":2,"column":30},"end":{"line":2,"column":43}}},"3":{"name":"(anonymous_3)","line":2,"loc":{"start":{"line":2,"column":436},"end":{"line":2,"column":446}}},"4":{"name":"(anonymous_4)","line":2,"loc":{"start":{"line":2,"column":680},"end":{"line":2,"column":690}}},"5":{"name":"l","line":2,"loc":{"start":{"line":2,"column":783},"end":{"line":2,"column":795}}},"6":{"name":"(anonymous_6)","line":2,"loc":{"start":{"line":2,"column":829},"end":{"line":2,"column":839}}},"7":{"name":"(anonymous_7)","line":2,"loc":{"start":{"line":2,"column":856},"end":{"line":2,"column":867}}},"8":{"name":"(anonymous_8)","line":2,"loc":{"start":{"line":2,"column":1485},"end":{"line":2,"column":1498}}},"9":{"name":"(anonymous_9)","line":2,"loc":{"start":{"line":2,"column":1640},"end":{"line":2,"column":1650}}},"10":{"name":"(anonymous_10)","line":2,"loc":{"start":{"line":2,"column":1934},"end":{"line":2,"column":1944}}},"11":{"name":"(anonymous_11)","line":2,"loc":{"start":{"line":2,"column":2045},"end":{"line":2,"column":2056}}},"12":{"name":"(anonymous_12)","line":2,"loc":{"start":{"line":2,"column":2110},"end":{"line":2,"column":2120}}},"13":{"name":"(anonymous_13)","line":2,"loc":{"start":{"line":2,"column":2143},"end":{"line":2,"column":2153}}},"14":{"name":"(anonymous_14)","line":2,"loc":{"start":{"line":2,"column":2245},"end":{"line":2,"column":2256}}},"15":{"name":"(anonymous_15)","line":2,"loc":{"start":{"line":2,"column":2296},"end":{"line":2,"column":2306}}},"16":{"name":"(anonymous_16)","line":2,"loc":{"start":{"line":2,"column":2321},"end":{"line":2,"column":2331}}},"17":{"name":"(anonymous_17)","line":2,"loc":{"start":{"line":2,"column":2349},"end":{"line":2,"column":2360}}},"18":{"name":"(anonymous_18)","line":2,"loc":{"start":{"line":2,"column":2381},"end":{"line":2,"column":2392}}},"19":{"name":"(anonymous_19)","line":2,"loc":{"start":{"line":2,"column":2411},"end":{"line":2,"column":2422}}},"20":{"name":"(anonymous_20)","line":2,"loc":{"start":{"line":2,"column":2443},"end":{"line":2,"column":2454}}},"21":{"name":"(anonymous_21)","line":2,"loc":{"start":{"line":2,"column":2487},"end":{"line":2,"column":2498}}},"22":{"name":"(anonymous_22)","line":2,"loc":{"start":{"line":2,"column":2526},"end":{"line":2,"column":2537}}},"23":{"name":"(anonymous_23)","line":2,"loc":{"start":{"line":2,"column":2568},"end":{"line":2,"column":2579}}},"24":{"name":"(anonymous_24)","line":2,"loc":{"start":{"line":2,"column":2740},"end":{"line":2,"column":2751}}},"25":{"name":"(anonymous_25)","line":2,"loc":{"start":{"line":2,"column":4049},"end":{"line":2,"column":4064}}},"26":{"name":"(anonymous_26)","line":2,"loc":{"start":{"line":2,"column":4251},"end":{"line":2,"column":4264}}},"27":{"name":"(anonymous_27)","line":2,"loc":{"start":{"line":2,"column":4524},"end":{"line":2,"column":4534}}},"28":{"name":"(anonymous_28)","line":2,"loc":{"start":{"line":2,"column":4600},"end":{"line":2,"column":4610}}},"29":{"name":"(anonymous_29)","line":2,"loc":{"start":{"line":2,"column":4644},"end":{"line":2,"column":4654}}},"30":{"name":"(anonymous_30)","line":2,"loc":{"start":{"line":2,"column":4691},"end":{"line":2,"column":4704}}},"31":{"name":"(anonymous_31)","line":2,"loc":{"start":{"line":2,"column":4794},"end":{"line":2,"column":4804}}},"32":{"name":"(anonymous_32)","line":2,"loc":{"start":{"line":2,"column":4890},"end":{"line":2,"column":4900}}},"33":{"name":"(anonymous_33)","line":2,"loc":{"start":{"line":2,"column":4927},"end":{"line":2,"column":4940}}},"34":{"name":"(anonymous_34)","line":2,"loc":{"start":{"line":2,"column":4976},"end":{"line":2,"column":4987}}},"35":{"name":"(anonymous_35)","line":2,"loc":{"start":{"line":2,"column":5032},"end":{"line":2,"column":5042}}},"36":{"name":"(anonymous_36)","line":2,"loc":{"start":{"line":2,"column":5370},"end":{"line":2,"column":5380}}},"37":{"name":"(anonymous_37)","line":2,"loc":{"start":{"line":2,"column":5434},"end":{"line":2,"column":5445}}},"38":{"name":"(anonymous_38)","line":2,"loc":{"start":{"line":2,"column":6329},"end":{"line":2,"column":6339}}},"39":{"name":"(anonymous_39)","line":2,"loc":{"start":{"line":2,"column":6905},"end":{"line":2,"column":6918}}},"40":{"name":"(anonymous_40)","line":2,"loc":{"start":{"line":2,"column":7986},"end":{"line":2,"column":7996}}},"41":{"name":"(anonymous_41)","line":2,"loc":{"start":{"line":2,"column":8686},"end":{"line":2,"column":8697}}},"42":{"name":"(anonymous_42)","line":2,"loc":{"start":{"line":2,"column":8938},"end":{"line":2,"column":8949}}},"43":{"name":"(anonymous_43)","line":2,"loc":{"start":{"line":2,"column":8994},"end":{"line":2,"column":9005}}},"44":{"name":"(anonymous_44)","line":2,"loc":{"start":{"line":2,"column":9025},"end":{"line":2,"column":9036}}},"45":{"name":"(anonymous_45)","line":2,"loc":{"start":{"line":2,"column":9096},"end":{"line":2,"column":9107}}},"46":{"name":"(anonymous_46)","line":2,"loc":{"start":{"line":2,"column":9136},"end":{"line":2,"column":9147}}},"47":{"name":"(anonymous_47)","line":2,"loc":{"start":{"line":2,"column":9193},"end":{"line":2,"column":9204}}},"48":{"name":"(anonymous_48)","line":2,"loc":{"start":{"line":2,"column":9342},"end":{"line":2,"column":9355}}},"49":{"name":"(anonymous_49)","line":2,"loc":{"start":{"line":2,"column":9447},"end":{"line":2,"column":9462}}},"50":{"name":"(anonymous_50)","line":2,"loc":{"start":{"line":2,"column":9622},"end":{"line":2,"column":9633}}},"51":{"name":"(anonymous_51)","line":2,"loc":{"start":{"line":2,"column":9678},"end":{"line":2,"column":9688}}},"52":{"name":"(anonymous_52)","line":2,"loc":{"start":{"line":2,"column":9709},"end":{"line":2,"column":9722}}},"53":{"name":"(anonymous_53)","line":2,"loc":{"start":{"line":2,"column":9964},"end":{"line":2,"column":9974}}},"54":{"name":"(anonymous_54)","line":2,"loc":{"start":{"line":2,"column":10160},"end":{"line":2,"column":10175}}},"55":{"name":"(anonymous_55)","line":2,"loc":{"start":{"line":2,"column":10451},"end":{"line":2,"column":10466}}},"56":{"name":"(anonymous_56)","line":2,"loc":{"start":{"line":2,"column":10473},"end":{"line":2,"column":10484}}},"57":{"name":"(anonymous_57)","line":2,"loc":{"start":{"line":2,"column":10575},"end":{"line":2,"column":10585}}},"58":{"name":"(anonymous_58)","line":2,"loc":{"start":{"line":2,"column":10825},"end":{"line":2,"column":10840}}},"59":{"name":"(anonymous_59)","line":2,"loc":{"start":{"line":2,"column":10973},"end":{"line":2,"column":10983}}},"60":{"name":"(anonymous_60)","line":2,"loc":{"start":{"line":2,"column":11068},"end":{"line":2,"column":11083}}},"61":{"name":"(anonymous_61)","line":2,"loc":{"start":{"line":2,"column":11128},"end":{"line":2,"column":11138}}},"62":{"name":"(anonymous_62)","line":2,"loc":{"start":{"line":2,"column":11330},"end":{"line":2,"column":11340}}},"63":{"name":"(anonymous_63)","line":2,"loc":{"start":{"line":2,"column":11483},"end":{"line":2,"column":11493}}},"64":{"name":"(anonymous_64)","line":2,"loc":{"start":{"line":2,"column":11637},"end":{"line":2,"column":11648}}},"65":{"name":"(anonymous_65)","line":2,"loc":{"start":{"line":2,"column":11745},"end":{"line":2,"column":11760}}},"66":{"name":"(anonymous_66)","line":2,"loc":{"start":{"line":2,"column":12032},"end":{"line":2,"column":12043}}},"67":{"name":"(anonymous_67)","line":2,"loc":{"start":{"line":2,"column":12071},"end":{"line":2,"column":12082}}},"68":{"name":"(anonymous_68)","line":2,"loc":{"start":{"line":2,"column":12113},"end":{"line":2,"column":12123}}},"69":{"name":"(anonymous_69)","line":2,"loc":{"start":{"line":2,"column":12144},"end":{"line":2,"column":12157}}},"70":{"name":"(anonymous_70)","line":2,"loc":{"start":{"line":2,"column":12309},"end":{"line":2,"column":12319}}}},"statementMap":{"1":{"start":{"line":2,"column":0},"end":{"line":2,"column":12422}},"2":{"start":{"line":2,"column":30},"end":{"line":2,"column":814}},"3":{"start":{"line":2,"column":44},"end":{"line":2,"column":163}},"4":{"start":{"line":2,"column":124},"end":{"line":2,"column":163}},"5":{"start":{"line":2,"column":146},"end":{"line":2,"column":163}},"6":{"start":{"line":2,"column":163},"end":{"line":2,"column":766}},"7":{"start":{"line":2,"column":447},"end":{"line":2,"column":544}},"8":{"start":{"line":2,"column":691},"end":{"line":2,"column":728}},"9":{"start":{"line":2,"column":728},"end":{"line":2,"column":763}},"10":{"start":{"line":2,"column":766},"end":{"line":2,"column":776}},"11":{"start":{"line":2,"column":776},"end":{"line":2,"column":813}},"12":{"start":{"line":2,"column":796},"end":{"line":2,"column":807}},"13":{"start":{"line":2,"column":814},"end":{"line":2,"column":2720}},"14":{"start":{"line":2,"column":840},"end":{"line":2,"column":849}},"15":{"start":{"line":2,"column":868},"end":{"line":2,"column":887}},"16":{"start":{"line":2,"column":1499},"end":{"line":2,"column":1521}},"17":{"start":{"line":2,"column":1651},"end":{"line":2,"column":1706}},"18":{"start":{"line":2,"column":1706},"end":{"line":2,"column":1930}},"19":{"start":{"line":2,"column":1712},"end":{"line":2,"column":1728}},"20":{"start":{"line":2,"column":1728},"end":{"line":2,"column":1787}},"21":{"start":{"line":2,"column":1743},"end":{"line":2,"column":1787}},"22":{"start":{"line":2,"column":1781},"end":{"line":2,"column":1787}},"23":{"start":{"line":2,"column":1787},"end":{"line":2,"column":1809}},"24":{"start":{"line":2,"column":1793},"end":{"line":2,"column":1809}},"25":{"start":{"line":2,"column":1809},"end":{"line":2,"column":1929}},"26":{"start":{"line":2,"column":1945},"end":{"line":2,"column":2026}},"27":{"start":{"line":2,"column":2026},"end":{"line":2,"column":2139}},"28":{"start":{"line":2,"column":2057},"end":{"line":2,"column":2090}},"29":{"start":{"line":2,"column":2090},"end":{"line":2,"column":2135}},"30":{"start":{"line":2,"column":2121},"end":{"line":2,"column":2131}},"31":{"start":{"line":2,"column":2154},"end":{"line":2,"column":2226}},"32":{"start":{"line":2,"column":2226},"end":{"line":2,"column":2285}},"33":{"start":{"line":2,"column":2257},"end":{"line":2,"column":2281}},"34":{"start":{"line":2,"column":2307},"end":{"line":2,"column":2315}},"35":{"start":{"line":2,"column":2332},"end":{"line":2,"column":2340}},"36":{"start":{"line":2,"column":2361},"end":{"line":2,"column":2369}},"37":{"start":{"line":2,"column":2393},"end":{"line":2,"column":2403}},"38":{"start":{"line":2,"column":2423},"end":{"line":2,"column":2435}},"39":{"start":{"line":2,"column":2455},"end":{"line":2,"column":2480}},"40":{"start":{"line":2,"column":2499},"end":{"line":2,"column":2515}},"41":{"start":{"line":2,"column":2538},"end":{"line":2,"column":2559}},"42":{"start":{"line":2,"column":2580},"end":{"line":2,"column":2586}},"43":{"start":{"line":2,"column":2586},"end":{"line":2,"column":2681}},"44":{"start":{"line":2,"column":2598},"end":{"line":2,"column":2602}},"45":{"start":{"line":2,"column":2607},"end":{"line":2,"column":2681}},"46":{"start":{"line":2,"column":2619},"end":{"line":2,"column":2623}},"47":{"start":{"line":2,"column":2628},"end":{"line":2,"column":2681}},"48":{"start":{"line":2,"column":2641},"end":{"line":2,"column":2646}},"49":{"start":{"line":2,"column":2651},"end":{"line":2,"column":2676}},"50":{"start":{"line":2,"column":2667},"end":{"line":2,"column":2676}},"51":{"start":{"line":2,"column":2676},"end":{"line":2,"column":2680}},"52":{"start":{"line":2,"column":2681},"end":{"line":2,"column":2717}},"53":{"start":{"line":2,"column":2720},"end":{"line":2,"column":5364}},"54":{"start":{"line":2,"column":2752},"end":{"line":2,"column":2765}},"55":{"start":{"line":2,"column":2765},"end":{"line":2,"column":3936}},"56":{"start":{"line":2,"column":2869},"end":{"line":2,"column":2904}},"57":{"start":{"line":2,"column":2904},"end":{"line":2,"column":3935}},"58":{"start":{"line":2,"column":2944},"end":{"line":2,"column":3669}},"59":{"start":{"line":2,"column":2987},"end":{"line":2,"column":3009}},"60":{"start":{"line":2,"column":3009},"end":{"line":2,"column":3668}},"61":{"start":{"line":2,"column":3042},"end":{"line":2,"column":3575}},"62":{"start":{"line":2,"column":3078},"end":{"line":2,"column":3552}},"63":{"start":{"line":2,"column":3111},"end":{"line":2,"column":3537}},"64":{"start":{"line":2,"column":3143},"end":{"line":2,"column":3165}},"65":{"start":{"line":2,"column":3165},"end":{"line":2,"column":3526}},"66":{"start":{"line":2,"column":3178},"end":{"line":2,"column":3240}},"67":{"start":{"line":2,"column":3240},"end":{"line":2,"column":3250}},"68":{"start":{"line":2,"column":3250},"end":{"line":2,"column":3261}},"69":{"start":{"line":2,"column":3261},"end":{"line":2,"column":3289}},"70":{"start":{"line":2,"column":3289},"end":{"line":2,"column":3300}},"71":{"start":{"line":2,"column":3300},"end":{"line":2,"column":3377}},"72":{"start":{"line":2,"column":3377},"end":{"line":2,"column":3398}},"73":{"start":{"line":2,"column":3398},"end":{"line":2,"column":3525}},"74":{"start":{"line":2,"column":3532},"end":{"line":2,"column":3537}},"75":{"start":{"line":2,"column":3542},"end":{"line":2,"column":3552}},"76":{"start":{"line":2,"column":3557},"end":{"line":2,"column":3575}},"77":{"start":{"line":2,"column":3580},"end":{"line":2,"column":3668}},"78":{"start":{"line":2,"column":3619},"end":{"line":2,"column":3668}},"79":{"start":{"line":2,"column":3669},"end":{"line":2,"column":3934}},"80":{"start":{"line":2,"column":3682},"end":{"line":2,"column":3692}},"81":{"start":{"line":2,"column":3692},"end":{"line":2,"column":3933}},"82":{"start":{"line":2,"column":3936},"end":{"line":2,"column":4007}},"83":{"start":{"line":2,"column":3969},"end":{"line":2,"column":3987}},"84":{"start":{"line":2,"column":3987},"end":{"line":2,"column":4006}},"85":{"start":{"line":2,"column":4007},"end":{"line":2,"column":4016}},"86":{"start":{"line":2,"column":4065},"end":{"line":2,"column":4139}},"87":{"start":{"line":2,"column":4139},"end":{"line":2,"column":4227}},"88":{"start":{"line":2,"column":4265},"end":{"line":2,"column":4273}},"89":{"start":{"line":2,"column":4273},"end":{"line":2,"column":4304}},"90":{"start":{"line":2,"column":4304},"end":{"line":2,"column":4496}},"91":{"start":{"line":2,"column":4535},"end":{"line":2,"column":4572}},"92":{"start":{"line":2,"column":4611},"end":{"line":2,"column":4621}},"93":{"start":{"line":2,"column":4655},"end":{"line":2,"column":4664}},"94":{"start":{"line":2,"column":4705},"end":{"line":2,"column":4767}},"95":{"start":{"line":2,"column":4805},"end":{"line":2,"column":4860}},"96":{"start":{"line":2,"column":4901},"end":{"line":2,"column":4910}},"97":{"start":{"line":2,"column":4941},"end":{"line":2,"column":4958}},"98":{"start":{"line":2,"column":4988},"end":{"line":2,"column":5010}},"99":{"start":{"line":2,"column":5043},"end":{"line":2,"column":5053}},"100":{"start":{"line":2,"column":5053},"end":{"line":2,"column":5082}},"101":{"start":{"line":2,"column":5082},"end":{"line":2,"column":5132}},"102":{"start":{"line":2,"column":5114},"end":{"line":2,"column":5132}},"103":{"start":{"line":2,"column":5132},"end":{"line":2,"column":5362}},"104":{"start":{"line":2,"column":5364},"end":{"line":2,"column":10149}},"105":{"start":{"line":2,"column":5381},"end":{"line":2,"column":5409}},"106":{"start":{"line":2,"column":5409},"end":{"line":2,"column":6325}},"107":{"start":{"line":2,"column":5446},"end":{"line":2,"column":5472}},"108":{"start":{"line":2,"column":5472},"end":{"line":2,"column":5518}},"109":{"start":{"line":2,"column":5503},"end":{"line":2,"column":5518}},"110":{"start":{"line":2,"column":5518},"end":{"line":2,"column":6264}},"111":{"start":{"line":2,"column":5616},"end":{"line":2,"column":5665}},"112":{"start":{"line":2,"column":5665},"end":{"line":2,"column":5671}},"113":{"start":{"line":2,"column":5678},"end":{"line":2,"column":5782}},"114":{"start":{"line":2,"column":5782},"end":{"line":2,"column":5788}},"115":{"start":{"line":2,"column":5810},"end":{"line":2,"column":5836}},"116":{"start":{"line":2,"column":5836},"end":{"line":2,"column":6067}},"117":{"start":{"line":2,"column":5845},"end":{"line":2,"column":6060}},"118":{"start":{"line":2,"column":5868},"end":{"line":2,"column":5878}},"119":{"start":{"line":2,"column":5878},"end":{"line":2,"column":5913}},"120":{"start":{"line":2,"column":5913},"end":{"line":2,"column":6059}},"121":{"start":{"line":2,"column":6060},"end":{"line":2,"column":6066}},"122":{"start":{"line":2,"column":6067},"end":{"line":2,"column":6071}},"123":{"start":{"line":2,"column":6071},"end":{"line":2,"column":6081}},"124":{"start":{"line":2,"column":6081},"end":{"line":2,"column":6104}},"125":{"start":{"line":2,"column":6104},"end":{"line":2,"column":6164}},"126":{"start":{"line":2,"column":6164},"end":{"line":2,"column":6263}},"127":{"start":{"line":2,"column":6340},"end":{"line":2,"column":6390}},"128":{"start":{"line":2,"column":6390},"end":{"line":2,"column":6725}},"129":{"start":{"line":2,"column":6418},"end":{"line":2,"column":6725}},"130":{"start":{"line":2,"column":6496},"end":{"line":2,"column":6725}},"131":{"start":{"line":2,"column":6725},"end":{"line":2,"column":6901}},"132":{"start":{"line":2,"column":6772},"end":{"line":2,"column":6880}},"133":{"start":{"line":2,"column":6821},"end":{"line":2,"column":6880}},"134":{"start":{"line":2,"column":6880},"end":{"line":2,"column":6900}},"135":{"start":{"line":2,"column":6919},"end":{"line":2,"column":7982}},"136":{"start":{"line":2,"column":6952},"end":{"line":2,"column":7118}},"137":{"start":{"line":2,"column":7118},"end":{"line":2,"column":7598}},"138":{"start":{"line":2,"column":7127},"end":{"line":2,"column":7169}},"139":{"start":{"line":2,"column":7160},"end":{"line":2,"column":7169}},"140":{"start":{"line":2,"column":7169},"end":{"line":2,"column":7551}},"141":{"start":{"line":2,"column":7358},"end":{"line":2,"column":7364}},"142":{"start":{"line":2,"column":7364},"end":{"line":2,"column":7373}},"143":{"start":{"line":2,"column":7384},"end":{"line":2,"column":7394}},"144":{"start":{"line":2,"column":7394},"end":{"line":2,"column":7400}},"145":{"start":{"line":2,"column":7418},"end":{"line":2,"column":7432}},"146":{"start":{"line":2,"column":7432},"end":{"line":2,"column":7542}},"147":{"start":{"line":2,"column":7443},"end":{"line":2,"column":7542}},"148":{"start":{"line":2,"column":7542},"end":{"line":2,"column":7550}},"149":{"start":{"line":2,"column":7557},"end":{"line":2,"column":7598}},"150":{"start":{"line":2,"column":7598},"end":{"line":2,"column":7981}},"151":{"start":{"line":2,"column":7620},"end":{"line":2,"column":7981}},"152":{"start":{"line":2,"column":7655},"end":{"line":2,"column":7675}},"153":{"start":{"line":2,"column":7675},"end":{"line":2,"column":7890}},"154":{"start":{"line":2,"column":7692},"end":{"line":2,"column":7890}},"155":{"start":{"line":2,"column":7714},"end":{"line":2,"column":7750}},"156":{"start":{"line":2,"column":7750},"end":{"line":2,"column":7889}},"157":{"start":{"line":2,"column":7890},"end":{"line":2,"column":7975}},"158":{"start":{"line":2,"column":7975},"end":{"line":2,"column":7980}},"159":{"start":{"line":2,"column":7997},"end":{"line":2,"column":8014}},"160":{"start":{"line":2,"column":8014},"end":{"line":2,"column":8049}},"161":{"start":{"line":2,"column":8049},"end":{"line":2,"column":8380}},"162":{"start":{"line":2,"column":8055},"end":{"line":2,"column":8196}},"163":{"start":{"line":2,"column":8201},"end":{"line":2,"column":8380}},"164":{"start":{"line":2,"column":8209},"end":{"line":2,"column":8230}},"165":{"start":{"line":2,"column":8230},"end":{"line":2,"column":8379}},"166":{"start":{"line":2,"column":8380},"end":{"line":2,"column":8678}},"167":{"start":{"line":2,"column":8460},"end":{"line":2,"column":8494}},"168":{"start":{"line":2,"column":8494},"end":{"line":2,"column":8591}},"169":{"start":{"line":2,"column":8591},"end":{"line":2,"column":8677}},"170":{"start":{"line":2,"column":8678},"end":{"line":2,"column":8682}},"171":{"start":{"line":2,"column":8698},"end":{"line":2,"column":8934}},"172":{"start":{"line":2,"column":8740},"end":{"line":2,"column":8924}},"173":{"start":{"line":2,"column":8806},"end":{"line":2,"column":8924}},"174":{"start":{"line":2,"column":8924},"end":{"line":2,"column":8933}},"175":{"start":{"line":2,"column":8950},"end":{"line":2,"column":8959}},"176":{"start":{"line":2,"column":8959},"end":{"line":2,"column":9188}},"177":{"start":{"line":2,"column":9006},"end":{"line":2,"column":9061}},"178":{"start":{"line":2,"column":9037},"end":{"line":2,"column":9059}},"179":{"start":{"line":2,"column":9108},"end":{"line":2,"column":9118}},"180":{"start":{"line":2,"column":9148},"end":{"line":2,"column":9171}},"181":{"start":{"line":2,"column":9205},"end":{"line":2,"column":9218}},"182":{"start":{"line":2,"column":9218},"end":{"line":2,"column":9276}},"183":{"start":{"line":2,"column":9255},"end":{"line":2,"column":9276}},"184":{"start":{"line":2,"column":9276},"end":{"line":2,"column":9337}},"185":{"start":{"line":2,"column":9317},"end":{"line":2,"column":9337}},"186":{"start":{"line":2,"column":9356},"end":{"line":2,"column":9362}},"187":{"start":{"line":2,"column":9362},"end":{"line":2,"column":9410}},"188":{"start":{"line":2,"column":9373},"end":{"line":2,"column":9410}},"189":{"start":{"line":2,"column":9410},"end":{"line":2,"column":9442}},"190":{"start":{"line":2,"column":9427},"end":{"line":2,"column":9442}},"191":{"start":{"line":2,"column":9463},"end":{"line":2,"column":9480}},"192":{"start":{"line":2,"column":9480},"end":{"line":2,"column":9556}},"193":{"start":{"line":2,"column":9496},"end":{"line":2,"column":9556}},"194":{"start":{"line":2,"column":9556},"end":{"line":2,"column":9569}},"195":{"start":{"line":2,"column":9569},"end":{"line":2,"column":9609}},"196":{"start":{"line":2,"column":9585},"end":{"line":2,"column":9609}},"197":{"start":{"line":2,"column":9609},"end":{"line":2,"column":9617}},"198":{"start":{"line":2,"column":9634},"end":{"line":2,"column":9642}},"199":{"start":{"line":2,"column":9642},"end":{"line":2,"column":9704}},"200":{"start":{"line":2,"column":9689},"end":{"line":2,"column":9702}},"201":{"start":{"line":2,"column":9723},"end":{"line":2,"column":9738}},"202":{"start":{"line":2,"column":9738},"end":{"line":2,"column":9959}},"203":{"start":{"line":2,"column":9773},"end":{"line":2,"column":9959}},"204":{"start":{"line":2,"column":9975},"end":{"line":2,"column":10024}},"205":{"start":{"line":2,"column":10024},"end":{"line":2,"column":10137}},"206":{"start":{"line":2,"column":10137},"end":{"line":2,"column":10147}},"207":{"start":{"line":2,"column":10149},"end":{"line":2,"column":10388}},"208":{"start":{"line":2,"column":10176},"end":{"line":2,"column":10190}},"209":{"start":{"line":2,"column":10190},"end":{"line":2,"column":10386}},"210":{"start":{"line":2,"column":10239},"end":{"line":2,"column":10264}},"211":{"start":{"line":2,"column":10269},"end":{"line":2,"column":10386}},"212":{"start":{"line":2,"column":10284},"end":{"line":2,"column":10310}},"213":{"start":{"line":2,"column":10315},"end":{"line":2,"column":10386}},"214":{"start":{"line":2,"column":10319},"end":{"line":2,"column":10375}},"215":{"start":{"line":2,"column":10388},"end":{"line":2,"column":12254}},"216":{"start":{"line":2,"column":10467},"end":{"line":2,"column":10643}},"217":{"start":{"line":2,"column":10485},"end":{"line":2,"column":10641}},"218":{"start":{"line":2,"column":10586},"end":{"line":2,"column":10624}},"219":{"start":{"line":2,"column":10643},"end":{"line":2,"column":10658}},"220":{"start":{"line":2,"column":10658},"end":{"line":2,"column":10806}},"221":{"start":{"line":2,"column":10691},"end":{"line":2,"column":10806}},"222":{"start":{"line":2,"column":10841},"end":{"line":2,"column":10856}},"223":{"start":{"line":2,"column":10856},"end":{"line":2,"column":10968}},"224":{"start":{"line":2,"column":10887},"end":{"line":2,"column":10968}},"225":{"start":{"line":2,"column":10984},"end":{"line":2,"column":11058}},"226":{"start":{"line":2,"column":11018},"end":{"line":2,"column":11058}},"227":{"start":{"line":2,"column":11058},"end":{"line":2,"column":11063}},"228":{"start":{"line":2,"column":11084},"end":{"line":2,"column":11123}},"229":{"start":{"line":2,"column":11139},"end":{"line":2,"column":11163}},"230":{"start":{"line":2,"column":11163},"end":{"line":2,"column":11325}},"231":{"start":{"line":2,"column":11341},"end":{"line":2,"column":11371}},"232":{"start":{"line":2,"column":11371},"end":{"line":2,"column":11470}},"233":{"start":{"line":2,"column":11383},"end":{"line":2,"column":11470}},"234":{"start":{"line":2,"column":11470},"end":{"line":2,"column":11478}},"235":{"start":{"line":2,"column":11494},"end":{"line":2,"column":11609}},"236":{"start":{"line":2,"column":11609},"end":{"line":2,"column":11632}},"237":{"start":{"line":2,"column":11649},"end":{"line":2,"column":11667}},"238":{"start":{"line":2,"column":11667},"end":{"line":2,"column":11740}},"239":{"start":{"line":2,"column":11761},"end":{"line":2,"column":11779}},"240":{"start":{"line":2,"column":11779},"end":{"line":2,"column":11866}},"241":{"start":{"line":2,"column":11850},"end":{"line":2,"column":11866}},"242":{"start":{"line":2,"column":11866},"end":{"line":2,"column":11934}},"243":{"start":{"line":2,"column":11904},"end":{"line":2,"column":11934}},"244":{"start":{"line":2,"column":11934},"end":{"line":2,"column":11942}},"245":{"start":{"line":2,"column":11942},"end":{"line":2,"column":12017}},"246":{"start":{"line":2,"column":11973},"end":{"line":2,"column":12017}},"247":{"start":{"line":2,"column":12017},"end":{"line":2,"column":12027}},"248":{"start":{"line":2,"column":12044},"end":{"line":2,"column":12066}},"249":{"start":{"line":2,"column":12083},"end":{"line":2,"
[...]
 val1Length; valueIndex++) {","\t\t\t//That's the line where the two numbers are actually interpolated.","\t\t\tinterpolated[valueIndex] = val1[valueIndex] + ((val2[valueIndex] - val1[valueIndex]) * progress);","\t\t}","","\t\treturn interpolated;","\t};","","\t/**","\t * Interpolates the numeric values into the format string.","\t */","\tvar _interpolateString = function(val) {","\t\tvar valueIndex = 1;","","\t\trxInterpolateString.lastIndex = 0;","","\t\treturn val[0].replace(rxInterpolateString, function() {","\t\t\treturn val[valueIndex++];","\t\t});","\t};","","\t/**","\t * Resets the class and style attribute to what it was before skrollr manipulated the element.","\t * Also remembers the values it had before reseting, in order to undo the reset.","\t */","\tvar _reset = function(elements, undo) {","\t\t//We accept a single element or an array of elements.","\t\telements = [].concat(elements);","","\t\tvar skrollable;","\t\tvar element;","\t\tvar elementsIndex = 0;","\t\tvar elementsLength = elements.length;","","\t\tfor(; elementsIndex < elementsLength; elementsIndex++) {","\t\t\telement = elements[elementsIndex];","\t\t\tskrollable = _skrollables[element[SKROLLABLE_ID_DOM_PROPERTY]];","","\t\t\t//Couldn't find the skrollable for this DOM element.","\t\t\tif(!skrollable) {","\t\t\t\tcontinue;","\t\t\t}","","\t\t\tif(undo) {","\t\t\t\t//Reset class and style to the \"dirty\" (set by skrollr) values.","\t\t\t\telement.style.cssText = skrollable.dirtyStyleAttr;","\t\t\t\t_updateClass(element, skrollable.dirtyClassAttr);","\t\t\t} else {","\t\t\t\t//Remember the \"dirty\" (set by skrollr) class and style.","\t\t\t\tskrollable.dirtyStyleAttr = element.style.cssText;","\t\t\t\tskrollable.dirtyClassAttr = _getClass(element);","","\t\t\t\t//Reset class and style to what it originally was.","\t\t\t\telement.style.cssText = skrollable.styleAttr;","\t\t\t\t_updateClass(element, skrollable.classAttr);","\t\t\t}","\t\t}","\t};","","\t/**","\t * Detects support for 3d transforms by applying it to the skrollr-body.","\t */","\tvar _detect3DTransforms = function() {","\t\t_translateZ = 'translateZ(0)';","\t\tskrollr.setStyle(_skrollrBody, 'transform', _translateZ);","","\t\tvar computedStyle = getStyle(_skrollrBody);","\t\tvar computedTransform = computedStyle.getPropertyValue('transform');","\t\tvar computedTransformWithPrefix = computedStyle.getPropertyValue(theDashedCSSPrefix + 'transform');","\t\tvar has3D = (computedTransform && computedTransform !== 'none') || (computedTransformWithPrefix && computedTransformWithPrefix !== 'none');","","\t\tif(!has3D) {","\t\t\t_translateZ = '';","\t\t}","\t};","","\t/**","\t * Set the CSS property on the given element. Sets prefixed properties as well.","\t */","\tskrollr.setStyle = function(el, prop, val) {","\t\tvar style = el.style;","","\t\t//Camel case.","\t\tprop = prop.replace(rxCamelCase, rxCamelCaseFn).replace('-', '');","","\t\t//Make sure z-index gets a <integer>.","\t\t//This is the only <integer> case we need to handle.","\t\tif(prop === 'zIndex') {","\t\t\tif(isNaN(val)) {","\t\t\t\t//If it's not a number, don't touch it.","\t\t\t\t//It could for example be \"auto\" (#351).","\t\t\t\tstyle[prop] = val;","\t\t\t} else {","\t\t\t\t//Floor the number.","\t\t\t\tstyle[prop] = '' + (val | 0);","\t\t\t}","\t\t}","\t\t//#64: \"float\" can't be set across browsers. Needs to use \"cssFloat\" for all except IE.","\t\telse if(prop === 'float') {","\t\t\tstyle.styleFloat = style.cssFloat = val;","\t\t}","\t\telse {","\t\t\t//Need try-catch for old IE.","\t\t\ttry {","\t\t\t\t//Set prefixed property if there's a prefix.","\t\t\t\tif(theCSSPrefix) {","\t\t\t\t\tstyle[theCSSPrefix + prop.slice(0,1).toUpperCase() + prop.slice(1)] = val;","\t\t\t\t}","","\t\t\t\t//Set unprefixed.","\t\t\t\tstyle[prop] = val;","\t\t\t} catch(ignore) {}","\t\t}","\t};","","\t/**","\t * Cross browser event handling.","\t */","\tvar _addEvent = skrollr.addEvent = function(element, names, callback) {","\t\tvar intermediate = function(e) {","\t\t\t//Normalize IE event stuff.","\t\t\te = e || window.event;","","\t\t\tif(!e.target) {","\t\t\t\te.target = e.srcElement;","\t\t\t}","","\t\t\tif(!e.preventDefault) {","\t\t\t\te.preventDefault = function() {","\t\t\t\t\te.returnValue = false;","\t\t\t\t\te.defaultPrevented = true;","\t\t\t\t};","\t\t\t}","","\t\t\treturn callback.call(this, e);","\t\t};","","\t\tnames = names.split(' ');","","\t\tvar name;","\t\tvar nameCounter = 0;","\t\tvar namesLength = names.length;","","\t\tfor(; nameCounter < namesLength; nameCounter++) {","\t\t\tname = names[nameCounter];","","\t\t\tif(element.addEventListener) {","\t\t\t\telement.addEventListener(name, callback, false);","\t\t\t} else {","\t\t\t\telement.attachEvent('on' + name, intermediate);","\t\t\t}","","\t\t\t//Remember the events to be able to flush them later.","\t\t\t_registeredEvents.push({","\t\t\t\telement: element,","\t\t\t\tname: name,","\t\t\t\tlistener: callback","\t\t\t});","\t\t}","\t};","","\tvar _removeEvent = skrollr.removeEvent = function(element, names, callback) {","\t\tnames = names.split(' ');","","\t\tvar nameCounter = 0;","\t\tvar namesLength = names.length;","","\t\tfor(; nameCounter < namesLength; nameCounter++) {","\t\t\tif(element.removeEventListener) {","\t\t\t\telement.removeEventListener(names[nameCounter], callback, false);","\t\t\t} else {","\t\t\t\telement.detachEvent('on' + names[nameCounter], callback);","\t\t\t}","\t\t}","\t};","","\tvar _removeAllEvents = function() {","\t\tvar eventData;","\t\tvar eventCounter = 0;","\t\tvar eventsLength = _registeredEvents.length;","","\t\tfor(; eventCounter < eventsLength; eventCounter++) {","\t\t\teventData = _registeredEvents[eventCounter];","","\t\t\t_removeEvent(eventData.element, eventData.name, eventData.listener);","\t\t}","","\t\t_registeredEvents = [];","\t};","","\tvar _emitEvent = function(element, name, direction) {","\t\tif(_listeners.keyframe) {","\t\t\t_listeners.keyframe.call(_instance, element, name, direction);","\t\t}","\t};","","\tvar _reflow = function() {","\t\tvar pos = _instance.getScrollTop();","","\t\t//Will be recalculated by _updateDependentKeyFrames.","\t\t_maxKeyFrame = 0;","","\t\tif(_forceHeight && !_isMobile) {","\t\t\t//un-\"force\" the height to not mess with the calculations in _updateDependentKeyFrames (#216).","\t\t\tbody.style.height = '';","\t\t}","","\t\t_updateDependentKeyFrames();","","\t\tif(_forceHeight && !_isMobile) {","\t\t\t//\"force\" the height.","\t\t\tbody.style.height = (_maxKeyFrame + documentElement.clientHeight) + 'px';","\t\t}","","\t\t//The scroll offset may now be larger than needed (on desktop the browser/os prevents scrolling farther than the bottom).","\t\tif(_isMobile) {","\t\t\t_instance.setScrollTop(Math.min(_instance.getScrollTop(), _maxKeyFrame));","\t\t} else {","\t\t\t//Remember and reset the scroll pos (#217).","\t\t\t_instance.setScrollTop(pos, true);","\t\t}","","\t\t_forceRender = true;","\t};","","\t/*","\t * Returns a copy of the constants object where all functions and strings have been evaluated.","\t */","\tvar _processConstants = function() {","\t\tvar viewportHeight = documentElement.clientHeight;","\t\tvar copy = {};","\t\tvar prop;","\t\tvar value;","","\t\tfor(prop in _constants) {","\t\t\tvalue = _constants[prop];","","\t\t\tif(typeof value === 'function') {","\t\t\t\tvalue = value.call(_instance);","\t\t\t}","\t\t\t//Percentage offset.","\t\t\telse if((/p$/).test(value)) {","\t\t\t\tvalue = (value.slice(0, -1) / 100) * viewportHeight;","\t\t\t}","","\t\t\tcopy[prop] = value;","\t\t}","","\t\treturn copy;","\t};","","\t/*","\t * Returns the height of the document.","\t */","\tvar _getDocumentHeight = function() {","\t\tvar skrollrBodyHeight = (_skrollrBody && _skrollrBody.offsetHeight || 0);","\t\tvar bodyHeight = Math.max(skrollrBodyHeight, body.scrollHeight, body.offsetHeight, documentElement.scrollHeight, documentElement.offsetHeight, documentElement.clientHeight);","","\t\treturn bodyHeight - documentElement.clientHeight;","\t};","","\t/**","\t * Returns a string of space separated classnames for the current element.","\t * Works with SVG as well.","\t */","\tvar _getClass = function(element) {","\t\tvar prop = 'className';","","\t\t//SVG support by using className.baseVal instead of just className.","\t\tif(window.SVGElement && element instanceof window.SVGElement) {","\t\t\telement = element[prop];","\t\t\tprop = 'baseVal';","\t\t}","","\t\treturn element[prop];","\t};","","\t/**","\t * Adds and removes a CSS classes.","\t * Works with SVG as well.","\t * add and remove are arrays of strings,","\t * or if remove is ommited add is a string and overwrites all classes.","\t */","\tvar _updateClass = function(element, add, remove) {","\t\tvar prop = 'className';","","\t\t//SVG support by using className.baseVal instead of just className.","\t\tif(window.SVGElement && element instanceof window.SVGElement) {","\t\t\telement = element[prop];","\t\t\tprop = 'baseVal';","\t\t}","","\t\t//When remove is ommited, we want to overwrite/set the classes.","\t\tif(remove === undefined) {","\t\t\telement[prop] = add;","\t\t\treturn;","\t\t}","","\t\t//Cache current classes. We will work on a string before passing back to DOM.","\t\tvar val = element[prop];","","\t\t//All classes to be removed.","\t\tvar classRemoveIndex = 0;","\t\tvar removeLength = remove.length;","","\t\tfor(; classRemoveIndex < removeLength; classRemoveIndex++) {","\t\t\tval = _untrim(val).replace(_untrim(remove[classRemoveIndex]), ' ');","\t\t}","","\t\tval = _trim(val);","","\t\t//All classes to be added.","\t\tvar classAddIndex = 0;","\t\tvar addLength = add.length;","","\t\tfor(; classAddIndex < addLength; classAddIndex++) {","\t\t\t//Only add if el not already has class.","\t\t\tif(_untrim(val).indexOf(_untrim(add[classAddIndex])) === -1) {","\t\t\t\tval += ' ' + add[classAddIndex];","\t\t\t}","\t\t}","","\t\telement[prop] = _trim(val);","\t};","","\tvar _trim = function(a) {","\t\treturn a.replace(rxTrim, '');","\t};","","\t/**","\t * Adds a space before and after the string.","\t */","\tvar _untrim = function(a) {","\t\treturn ' ' + a + ' ';","\t};","","\tvar _now = Date.now || function() {","\t\treturn +new Date();","\t};","","\tvar _keyFrameComparator = function(a, b) {","\t\treturn a.frame - b.frame;","\t};","","\t/*","\t * Private variables.","\t */","","\t//Singleton","\tvar _instance;","","\t/*","\t\tA list of all elements which should be animated associated with their the metadata.","\t\tExmaple skrollable with two key frames animating from 100px width to 20px:","","\t\tskrollable = {","\t\t\telement: <the DOM element>,","\t\t\tstyleAttr: <style attribute of the element before skrollr>,","\t\t\tclassAttr: <class attribute of the element before skrollr>,","\t\t\tkeyFrames: [","\t\t\t\t{","\t\t\t\t\tframe: 100,","\t\t\t\t\tprops: {","\t\t\t\t\t\twidth: {","\t\t\t\t\t\t\tvalue: ['{?}px', 100],","\t\t\t\t\t\t\teasing: <reference to easing function>","\t\t\t\t\t\t}","\t\t\t\t\t},","\t\t\t\t\tmode: \"absolute\"","\t\t\t\t},","\t\t\t\t{","\t\t\t\t\tframe: 200,","\t\t\t\t\tprops: {","\t\t\t\t\t\twidth: {","\t\t\t\t\t\t\tvalue: ['{?}px', 20],","\t\t\t\t\t\t\teasing: <reference to easing function>","\t\t\t\t\t\t}","\t\t\t\t\t},","\t\t\t\t\tmode: \"absolute\"","\t\t\t\t}","\t\t\t]","\t\t};","\t*/","\tvar _skrollables;","","\tvar _skrollrBody;","","\tvar _listeners;","\tvar _forceHeight;","\tvar _maxKeyFrame = 0;","","\tvar _scale = 1;","\tvar _constants;","","\tvar _mobileDeceleration;","","\t//Current direction (up/down).","\tvar _direction = 'down';","","\t//The last top offset value. Needed to determine direction.","\tvar _lastTop = -1;","","\t//The last time we called the render method (doesn't mean we rendered!).","\tvar _lastRenderCall = _now();","","\t//For detecting if it actually resized (#271).","\tvar _lastViewportWidth = 0;","\tvar _lastViewportHeight = 0;","","\tvar _requestReflow = false;","","\t//Will contain data about a running scrollbar animation, if any.","\tvar _scrollAnimation;","","\tvar _smoothScrollingEnabled;","","\tvar _smoothScrollingDuration;","","\t//Will contain settins for smooth scrolling if enabled.","\tvar _smoothScrolling;","","\t//Can be set by any operation/event to force rendering even if the scrollbar didn't move.","\tvar _forceRender;","","\t//Each skrollable gets an unique ID incremented for each skrollable.","\t//The ID is the index in the _skrollables array.","\tvar _skrollableIdCounter = 0;","","\tvar _edgeStrategy;","","","\t//Mobile specific vars. Will be stripped by UglifyJS when not in use.","\tvar _isMobile = false;","","\t//The virtual scroll offset when using mobile scrolling.","\tvar _mobileOffset = 0;","","\t//If the browser supports 3d transforms, this will be filled with 'translateZ(0)' (empty string otherwise).","\tvar _translateZ;","","\t//Will contain data about registered events by skrollr.","\tvar _registeredEvents = [];","","\t//Animation frame id returned by RequestAnimationFrame (or timeout when RAF is not supported).","\tvar _animFrame;","","\t//Expose skrollr as either a global variable or a require.js module","\tif(typeof define === 'function' && define.amd) {","\t\tdefine('skrollr', function () {","\t\t\treturn skrollr;","\t\t});","\t} else if (typeof module !== 'undefined' && module.exports) {","\t\tmodule.exports = skrollr;","\t} else {","\t\twindow.skrollr = skrollr;","\t}","","}(window, document));",""],"l":{"8":2,"14":0,"16":0,"20":0,"26":0,"27":0,"28":0,"31":0,"32":0,"34":0,"35":0,"36":0,"37":0,"39":0,"40":0,"41":0,"42":0,"44":0,"45":0,"46":0,"47":0,"49":0,"50":0,"51":0,"53":0,"55":0,"56":0,"57":0,"58":0,"61":0,"63":0,"65":0,"68":0,"70":0,"73":0,"75":0,"76":0,"77":0,"81":0,"84":0,"87":0,"90":0,"93":0,"94":0,"97":0,"100":0,"103":0,"104":0,"107":0,"109":0,"111":0,"113":0,"114":0,"119":0,"120":0,"122":0,"125":0,"128":0,"129":0,"132":0,"139":0,"143":0,"144":0,"146":0,"148":0,"149":0,"151":0,"152":0,"154":0,"155":0,"156":0,"161":0,"164":0,"165":0,"167":0,"168":0,"169":0,"173":0,"177":0,"179":0,"182":0,"185":0,"188":0,"191":0,"194":0,"197":0,"200":0,"204":0,"206":0,"207":0,"208":0,"209":0,"210":0,"211":0,"212":0,"213":0,"215":0,"218":0,"225":1,"226":0,"227":0,"229":0,"231":0,"233":0,"235":0,"238":0,"239":0,"240":0,"244":0,"246":0,"258":0,"260":0,"261":0,"264":0,"266":0,"267":0,"270":0,"275":0,"276":0,"279":0,"280":0,"283":0,"284":0,"287":0,"288":0,"290":0,"294":0,"296":0,"297":0,"298":0,"301":0,"302":0,"303":0,"305":0,"309":0,"312":0,"313":0,"314":0,"317":0,"323":0,"324":0,"325":0,"326":0,"329":0,"331":0,"333":0,"334":0,"336":0,"337":0,"339":0,"342":0,"343":0,"345":0,"346":0,"347":0,"348":0,"351":0,"354":0,"357":0,"360":0,"361":0,"364":0,"365":0,"369":0,"370":0,"372":0,"373":0,"375":0,"376":0,"378":0,"379":0,"382":0,"386":0,"387":0,"389":0,"393":0,"394":0,"396":0,"400":0,"401":0,"403":0,"406":0,"408":0,"409":0,"412":0,"420":0,"422":0,"424":0,"426":0,"430":0,"433":0,"434":0,"435":0,"437":0,"440":0,"443":0,"446":0,"447":0,"450":0,"451":0,"452":0,"455":0,"460":0,"461":0,"466":0,"467":0,"471":0,"473":0,"475":0,"477":0,"478":0,"479":0,"482":0,"483":0,"484":0,"487":0,"499":0,"503":0,"506":0,"507":0,"509":0,"510":0,"512":0,"513":0,"517":0,"520":0,"523":0,"530":0,"531":0,"532":0,"533":0,"536":0,"538":0,"539":0,"540":0,"541":0,"544":0,"545":0,"546":0,"547":0,"551":0,"553":0,"559":0,"560":0,"562":0,"563":0,"566":0,"578":0,"579":0,"580":0,"583":0,"586":0,"592":0,"593":0,"594":0,"597":0,"603":0,"604":0,"607":0,"608":0,"611":0,"612":0,"614":0,"615":0,"617":0,"620":0,"623":0,"624":0,"625":0,"627":0,"631":0,"632":0,"635":0,"636":0,"638":0,"641":0,"642":0,"644":0,"647":0,"648":0,"649":0,"650":0,"652":0,"654":0,"655":0,"657":0,"658":0,"661":0,"662":0,"664":0,"665":0,"668":0,"669":0,"670":0,"671":0,"672":0,"673":0,"674":0,"675":0,"676":0,"677":0,"678":0,"679":0,"680":0,"681":0,"682":0,"683":0,"684":0,"685":0,"686":0,"687":0,"688":0,"689":0,"690":0,"697":0,"698":0,"699":0,"700":0,"701":0,"702":0,"703":0,"704":0,"705":0,"707":0,"708":0,"709":0,"710":0,"712":0,"713":0,"715":0,"718":0,"719":0,"722":0,"723":0,"724":0,"726":0,"727":0,"730":0,"733":0,"734":0,"737":0,"739":0,"741":0,"742":0,"743":0,"745":0,"748":0,"749":0,"752":0,"753":0,"755":0,"757":0,"758":0,"759":0,"763":0,"764":0,"765":0,"768":0,"769":0,"770":0,"773":0,"774":0,"775":0,"778":0,"781":0,"783":0,"786":0,"788":0,"789":0,"790":0,"793":0,"796":0,"797":0,"799":0,"800":0,"801":0,"803":0,"806":0,"808":0,"809":0,"814":0,"815":0,"823":0,"824":0,"825":0,"826":0,"827":0,"828":0,"829":0,"830":0,"831":0,"832":0,"833":0,"834":0,"835":0,"836":0,"839":0,"840":0,"842":0,"843":0,"844":0,"845":0,"846":0,"848":0,"849":0,"851":0,"852":0,"854":0,"855":0,"857":0,"859":0,"861":0,"864":0,"867":0,"868":0,"870":0,"872":0,"875":0,"878":0,"880":0,"881":0,"888":0,"891":0,"892":0,"894":0,"895":0,"896":0,"898":0,"899":0,"901":0,"902":0,"904":0,"906":0,"907":0,"911":0,"920":0,"922":0,"923":0,"925":0,"926":0,"927":0,"928":0,"929":0,"930":0,"931":0,"932":0,"933":0,"934":0,"935":0,"936":0,"937":0,"938":0,"939":0,"942":0,"945":0,"946":0,"950":0,"951":0,"954":0,"955":0,"956":0,"959":0,"962":0,"963":0,"964":0,"969":0,"971":0,"973":0,"974":0,"977":0,"978":0,"981":0,"983":0,"984":0,"985":0,"988":0,"989":0,"991":0,"996":0,"1000":0,"1001":0,"1002":0,"1007":0,"1009":0,"1010":0,"1011":0,"1012":0,"1014":0,"1015":0,"1016":0,"1019":0,"1022":0,"1024":0,"1027":0,"1028":0,"1030":0,"1038":0,"1040":0,"1041":0,"1042":0,"1044":0,"1047":0,"1051":0,"1060":0,"1061":0,"1062":0,"1063":0,"1067":0,"1070":0,"1071":0,"1072":0,"1075":0,"1077":0,"1078":0,"1079":0,"1080":0,"1083":0,"1085":0,"1088":0,"1091":0,"1092":0,"1095":0,"1096":0,"1106":0,"1108":0,"1110":0,"1115":0,"1117":0,"1121":0,"1123":0,"1125":0,"1127":0,"1135":0,"1138":0,"1140":0,"1143":0,"1145":0,"1146":0,"1150":0,"1151":0,"1155":0,"1161":0,"1163":0,"1164":0,"1166":0,"1167":0,"1168":0,"1169":0,"1170":0,"1171":0,"1173":0,"1175":0,"1176":0,"1177":0,"1179":0,"1182":0,"1183":0,"1184":0,"1186":0,"1190":0,"1193":0,"1199":0,"1212":0,"1213":0,"1218":0,"1219":0,"1220":0,"1221":0,"1227":0,"1228":0,"1229":0,"1230":0,"1235":0,"1236":0,"1237":0,"1241":0,"1243":0,"1253":0,"1255":0,"1256":0,"1257":0,"1260":0,"1261":0,"1263":0,"1264":0,"1269":0,"1272":0,"1274":0,"1275":0,"1279":0,"1280":0,"1284":0,"1286":0,"1287":0,"1292":0,"1293":0,"1300":0,"1301":0,"1302":0,"1305":0,"1306":0,"1310":0,"1312":0,"1314":0,"1316":0,"1319":0,"1325":0,"1326":0,"1328":0,"1330":0,"1331":0,"1339":0,"1341":0,"1343":0,"1344":0,"1345":0,"1346":0,"1348":0,"1349":0,"1350":0,"1353":0,"1354":0,"1357":0,"1359":0,"1360":0,"1363":0,"1364":0,"1367":0,"1368":0,"1376":0,"1377":0,"1378":0,"1380":0,"1381":0,"1382":0,"1383":0,"1385":0,"1386":0,"1393":0,"1394":0,"1397":0,"1401":0,"1402":0,"1405":0,"1408":0,"1412":0,"1413":0,"1417":0,"1419":0,"1420":0,"1424":0,"1432":0,"1433":0,"1435":0,"1437":0,"1438":0,"1441":0,"1442":0,"1443":0,"1444":0,"1448":0,"1451":0,"1453":0,"1454":0,"1455":0,"1457":0,"1458":0,"1460":0,"1461":0,"1463":0,"1467":0,"1475":0,"1476":0,"1478":0,"1479":0,"1481":0,"1482":0,"1483":0,"1485":0,"1490":0,"1491":0,"1492":0,"1493":0,"1495":0,"1496":0,"1498":0,"1501":0,"1504":0,"1505":0,"1506":0,"1510":0,"1511":0,"1514":0,"1516":0,"1518":0,"1521":0,"1523":0,"1525":0,"1529":0,"1530":0,"1533":0,"1536":0,"1542":0,"1543":0,"1544":0,"1545":0,"1546":0,"1548":0,"1549":0,"1551":0,"1552":0,"1555":0,"1556":0,"1559":0,"1562":0,"1568":0,"1569":0,"1570":0,"1572":0,"1579":0,"1580":0,"1583":0,"1584":0,"1585":0,"1588":0,"1597":0,"1598":0,"1601":0,"1602":0,"1603":0,"1607":0,"1608":0,"1609":0,"1613":0,"1616":0,"1617":0,"1619":0,"1620":0,"1623":0,"1626":0,"1627":0,"1629":0,"1631":0,"1632":0,"1636":0,"1639":0,"1640":0,"1646":0,"1647":0,"1650":0,"1651":0,"1654":0,"1655":0,"1663":0,"1697":0,"1699":0,"1701":0,"1702":0,"1703":0,"1705":0,"1706":0,"1708":0,"1711":0,"1714":0,"1717":0,"1720":0,"1721":0,"1723":0,"1726":0,"1728":0,"1730":0,"1733":0,"1736":0,"1740":0,"1742":0,"1746":0,"1749":0,"1752":0,"1755":0,"1758":0,"1761":0,"1762":0,"1763":0,"1765":0,"1766":0,"1768":0}}}